[main] 2021-08-17 13:46:41 INFO  com.app.Main  -     Hello User    
[main] 2021-08-17 13:46:41 INFO  com.app.Main  - ******************
[main] 2021-08-17 13:46:55 INFO  com.app.Main  -     Hello User..!    
[main] 2021-08-17 13:46:55 INFO  com.app.Main  - ******************
[main] 2021-08-17 13:47:13 INFO  com.app.Main  -     Hello User..!    
[main] 2021-08-17 13:47:13 INFO  com.app.Main  -  ******************
[main] 2021-08-17 13:49:01 INFO  com.app.Main  -     Hello User..!    
[main] 2021-08-17 13:49:01 INFO  com.app.Main  -  ******************
[main] 2021-08-17 13:49:01 INFO  com.app.Main  - Enter 1 for customer login..!
[main] 2021-08-17 13:49:01 INFO  com.app.Main  - Enter 2 for Admin login..!
[main] 2021-08-17 14:59:22 INFO  com.app.Main  -     Hello User..!    
[main] 2021-08-17 14:59:22 INFO  com.app.Main  -  ******************
[main] 2021-08-17 14:59:22 INFO  com.app.Main  - Enter 1 for customer login..!
[main] 2021-08-17 14:59:22 INFO  com.app.Main  - Enter 2 for Admin login..!
[main] 2021-08-17 15:00:22 INFO  com.app.Main  -     Hello User..!    
[main] 2021-08-17 15:00:22 INFO  com.app.Main  -  ******************
[main] 2021-08-17 15:00:22 INFO  com.app.Main  - Enter 1 for customer login..!
[main] 2021-08-17 15:00:22 INFO  com.app.Main  - Enter 2 for Admin login..!
[main] 2021-08-17 15:02:00 INFO  com.app.Main  -     Online Shopping Application..!    
[main] 2021-08-17 15:02:00 INFO  com.app.Main  -  ******************
[main] 2021-08-17 15:02:00 INFO  com.app.Main  - Enter 1 for customer login..!
[main] 2021-08-17 15:02:00 INFO  com.app.Main  - Enter 2 for Admin login..!
[main] 2021-08-17 15:02:30 INFO  com.app.Main  -                Online Shopping Application..!    
[main] 2021-08-17 15:02:30 INFO  com.app.Main  -     **************************************************
[main] 2021-08-17 15:02:30 INFO  com.app.Main  - Enter 1 for customer login..!
[main] 2021-08-17 15:02:30 INFO  com.app.Main  - Enter 2 for Admin login..!
[main] 2021-08-17 15:02:54 INFO  com.app.Main  -                Online Shopping Application..!    
[main] 2021-08-17 15:02:54 INFO  com.app.Main  -     **************************************************
[main] 2021-08-17 15:02:54 INFO  com.app.Main  -  1) for customer login..!
[main] 2021-08-17 15:02:54 INFO  com.app.Main  -  2) for Admin login..!
[main] 2021-08-17 15:03:03 INFO  com.app.Main  -                Online Shopping Application..!    
[main] 2021-08-17 15:03:03 INFO  com.app.Main  -     **************************************************
[main] 2021-08-17 15:03:03 INFO  com.app.Main  -  1) For customer login..!
[main] 2021-08-17 15:03:03 INFO  com.app.Main  -  2) For Admin login..!
[main] 2021-08-17 15:03:17 INFO  com.app.Main  -                Online Shopping Application..!    
[main] 2021-08-17 15:03:17 INFO  com.app.Main  -     **************************************************
[main] 2021-08-17 15:03:17 INFO  com.app.Main  -  1) For customer login..!
[main] 2021-08-17 15:03:17 INFO  com.app.Main  -  2) For Admin login..!
[main] 2021-08-17 15:04:01 INFO  com.app.Main  -                Online Shopping Application..!    
[main] 2021-08-17 15:04:01 INFO  com.app.Main  -     **************************************************
[main] 2021-08-17 15:04:01 INFO  com.app.Main  -  1) For customer login..!
[main] 2021-08-17 15:04:01 INFO  com.app.Main  -  2) For Admin login..!
[main] 2021-08-17 15:05:09 INFO  com.app.Main  -                Online Shopping Application..!    
[main] 2021-08-17 15:05:09 INFO  com.app.Main  -     **************************************************
[main] 2021-08-17 15:05:09 INFO  com.app.Main  -  1) For customer login..!
[main] 2021-08-17 15:05:09 INFO  com.app.Main  -  2) For Admin login..!
[main] 2021-08-17 15:07:50 INFO  com.app.Main  -      customer login/register     
[main] 2021-08-17 15:07:50 INFO  com.app.Main  - *********************************
[main] 2021-08-17 15:09:09 INFO  com.app.Main  -                Online Shopping Application..!    
[main] 2021-08-17 15:09:09 INFO  com.app.Main  -     **************************************************
[main] 2021-08-17 15:09:09 INFO  com.app.Main  -  1) For customer login..!
[main] 2021-08-17 15:09:09 INFO  com.app.Main  -  2) For Admin login..!
[main] 2021-08-17 15:09:15 INFO  com.app.Main  -               customer login/register     
[main] 2021-08-17 15:09:15 INFO  com.app.Main  -         *********************************     
[main] 2021-08-17 15:09:15 INFO  com.app.Main  - 1)Login
[main] 2021-08-17 15:09:15 INFO  com.app.Main  - 2)Register
[main] 2021-08-17 15:10:07 INFO  com.app.Main  -                Online Shopping Application..!    
[main] 2021-08-17 15:10:07 INFO  com.app.Main  -     **************************************************
[main] 2021-08-17 15:10:07 INFO  com.app.Main  -  1) For customer login..!
[main] 2021-08-17 15:10:07 INFO  com.app.Main  -  2) For Admin login..!
[main] 2021-08-17 15:10:11 INFO  com.app.Main  -               customer login/register     
[main] 2021-08-17 15:10:11 INFO  com.app.Main  -         *********************************     
[main] 2021-08-17 15:10:11 INFO  com.app.Main  - 1)SignIn
[main] 2021-08-17 15:10:11 INFO  com.app.Main  - 2)SignUp
[main] 2021-08-17 15:10:11 INFO  com.app.Main  - Forgot Password
[main] 2021-08-17 15:14:28 INFO  com.app.Main  -                Online Shopping Application..!    
[main] 2021-08-17 15:14:28 INFO  com.app.Main  -     **************************************************
[main] 2021-08-17 15:14:28 INFO  com.app.Main  -  1) For customer login..!
[main] 2021-08-17 15:14:28 INFO  com.app.Main  -  2) For Admin login..!
[main] 2021-08-17 15:14:28 INFO  com.app.Main  - Enter your choice
[main] 2021-08-17 15:14:40 INFO  com.app.Main  -                Online Shopping Application..!    
[main] 2021-08-17 15:14:40 INFO  com.app.Main  -     **************************************************
[main] 2021-08-17 15:14:40 INFO  com.app.Main  -  1) For customer login..!
[main] 2021-08-17 15:14:40 INFO  com.app.Main  -  2) For Admin login..!
[main] 2021-08-17 15:14:40 INFO  com.app.Main  -     Enter your choice....
[main] 2021-08-17 15:14:46 INFO  com.app.Main  -                Online Shopping Application..!    
[main] 2021-08-17 15:14:46 INFO  com.app.Main  -     **************************************************
[main] 2021-08-17 15:14:46 INFO  com.app.Main  -  1) For customer login..!
[main] 2021-08-17 15:14:46 INFO  com.app.Main  -  2) For Admin login..!
[main] 2021-08-17 15:14:46 INFO  com.app.Main  -     Enter your choice....
[main] 2021-08-17 15:14:54 INFO  com.app.Main  -                Online Shopping Application..!    
[main] 2021-08-17 15:14:54 INFO  com.app.Main  -     **************************************************
[main] 2021-08-17 15:14:54 INFO  com.app.Main  -  1) For customer login..!
[main] 2021-08-17 15:14:54 INFO  com.app.Main  -  2) For Admin login..!
[main] 2021-08-17 15:14:54 INFO  com.app.Main  -     /nEnter your choice....
[main] 2021-08-17 15:15:01 INFO  com.app.Main  -                Online Shopping Application..!    
[main] 2021-08-17 15:15:01 INFO  com.app.Main  -     **************************************************
[main] 2021-08-17 15:15:01 INFO  com.app.Main  -  1) For customer login..!
[main] 2021-08-17 15:15:01 INFO  com.app.Main  -  2) For Admin login..!
[main] 2021-08-17 15:15:01 INFO  com.app.Main  -     
Enter your choice....
[main] 2021-08-17 15:15:09 INFO  com.app.Main  -                Online Shopping Application..!    
[main] 2021-08-17 15:15:09 INFO  com.app.Main  -     **************************************************
[main] 2021-08-17 15:15:09 INFO  com.app.Main  -  1) For customer login..!
[main] 2021-08-17 15:15:09 INFO  com.app.Main  -  2) For Admin login..!
[main] 2021-08-17 15:15:09 INFO  com.app.Main  -     
    Enter your choice....
[main] 2021-08-17 15:15:16 INFO  com.app.Main  -               customer login/register     
[main] 2021-08-17 15:15:16 INFO  com.app.Main  -         *********************************     
[main] 2021-08-17 15:15:16 INFO  com.app.Main  - 1)SignIn
[main] 2021-08-17 15:15:16 INFO  com.app.Main  - 2)SignUp
[main] 2021-08-17 15:15:16 INFO  com.app.Main  - Forgot Password
[main] 2021-08-17 15:15:16 INFO  com.app.Main  - Enter your choice..
[main] 2021-08-17 15:15:56 INFO  com.app.Main  -                Online Shopping Application..!    
[main] 2021-08-17 15:15:56 INFO  com.app.Main  -     **************************************************
[main] 2021-08-17 15:15:56 INFO  com.app.Main  -  1) For customer login..!
[main] 2021-08-17 15:15:56 INFO  com.app.Main  -  2) For Admin login..!
[main] 2021-08-17 15:15:56 INFO  com.app.Main  -     
    Enter your choice....
[main] 2021-08-17 15:16:00 INFO  com.app.Main  -               customer login/register     
[main] 2021-08-17 15:16:00 INFO  com.app.Main  -         *********************************     
[main] 2021-08-17 15:16:00 INFO  com.app.Main  - 1)SignIn
[main] 2021-08-17 15:16:00 INFO  com.app.Main  - 2)SignUp
[main] 2021-08-17 15:16:00 INFO  com.app.Main  - Forgot Password
[main] 2021-08-17 15:16:00 INFO  com.app.Main  - 
Enter your choice..
[main] 2021-08-17 15:16:13 INFO  com.app.Main  -                Online Shopping Application..!    
[main] 2021-08-17 15:16:13 INFO  com.app.Main  -     **************************************************
[main] 2021-08-17 15:16:13 INFO  com.app.Main  -  1) For customer login..!
[main] 2021-08-17 15:16:13 INFO  com.app.Main  -  2) For Admin login..!
[main] 2021-08-17 15:16:13 INFO  com.app.Main  -     
    Enter your choice....
[main] 2021-08-17 15:17:20 INFO  com.app.Main  -                Online Shopping Application..!    
[main] 2021-08-17 15:17:20 INFO  com.app.Main  -     **************************************************
[main] 2021-08-17 15:17:20 INFO  com.app.Main  -  1) For customer login..!
[main] 2021-08-17 15:17:20 INFO  com.app.Main  -  2) For Admin login..!
[main] 2021-08-17 15:17:20 INFO  com.app.Main  -     
    Enter your choice....
[main] 2021-08-17 15:17:25 INFO  com.app.Main  -               customer login/register     
[main] 2021-08-17 15:17:25 INFO  com.app.Main  -         *********************************     
[main] 2021-08-17 15:17:25 INFO  com.app.Main  - 1)SignIn
[main] 2021-08-17 15:17:25 INFO  com.app.Main  - 2)SignUp
[main] 2021-08-17 15:17:25 INFO  com.app.Main  - Forgot Password
[main] 2021-08-17 15:17:25 INFO  com.app.Main  - 
Enter your choice..
[main] 2021-08-17 15:17:27 WARN  com.app.Main  - Invalid choice..!
[main] 2021-08-17 15:55:43 INFO  com.app.Main  -                Online Shopping Application..!    
[main] 2021-08-17 15:55:43 INFO  com.app.Main  -     **************************************************
[main] 2021-08-17 15:55:43 INFO  com.app.Main  -  1) For customer login..!
[main] 2021-08-17 15:55:43 INFO  com.app.Main  -  2) For Admin login..!
[main] 2021-08-17 15:55:43 INFO  com.app.Main  -     
    Enter your choice....
[main] 2021-08-17 15:56:21 INFO  com.app.Main  -                Online Shopping Application..!    
[main] 2021-08-17 15:56:21 INFO  com.app.Main  -     **************************************************
[main] 2021-08-17 15:56:21 INFO  com.app.Main  -  1) For customer login..!
[main] 2021-08-17 15:56:21 INFO  com.app.Main  -  2) For Admin login..!
[main] 2021-08-17 15:56:21 INFO  com.app.Main  -     
    Enter your choice....
[main] 2021-08-17 15:57:22 INFO  com.app.Main  -                Online Shopping Application..!    
[main] 2021-08-17 15:57:22 INFO  com.app.Main  -     **************************************************
[main] 2021-08-17 15:57:22 INFO  com.app.Main  -  1) For customer login..!
[main] 2021-08-17 15:57:22 INFO  com.app.Main  -  2) For Admin login..!
[main] 2021-08-17 15:57:22 INFO  com.app.Main  -     
    Enter your choice....
[main] 2021-08-17 15:57:24 INFO  com.app.Main  -               customer login/register     
[main] 2021-08-17 15:57:24 INFO  com.app.Main  -         *********************************     
[main] 2021-08-17 15:57:24 INFO  com.app.Main  - 1)SignIn
[main] 2021-08-17 15:57:24 INFO  com.app.Main  - 2)SignUp
[main] 2021-08-17 15:57:24 INFO  com.app.Main  - Forgot Password
[main] 2021-08-17 15:57:24 INFO  com.app.Main  - Back to main
[main] 2021-08-17 15:57:24 INFO  com.app.Main  - 
Enter your choice..
[main] 2021-08-17 15:57:39 INFO  com.app.Main  -                Online Shopping Application..!    
[main] 2021-08-17 15:57:39 INFO  com.app.Main  -     **************************************************
[main] 2021-08-17 15:57:39 INFO  com.app.Main  -  1) For customer login..!
[main] 2021-08-17 15:57:39 INFO  com.app.Main  -  2) For Admin login..!
[main] 2021-08-17 15:57:39 INFO  com.app.Main  -     
    Enter your choice....
[main] 2021-08-17 15:57:43 INFO  com.app.Main  -               customer login/register     
[main] 2021-08-17 15:57:43 INFO  com.app.Main  -         *********************************     
[main] 2021-08-17 15:57:43 INFO  com.app.Main  - 1)SignIn
[main] 2021-08-17 15:57:43 INFO  com.app.Main  - 2)SignUp
[main] 2021-08-17 15:57:43 INFO  com.app.Main  - 3)Forgot Password
[main] 2021-08-17 15:57:43 INFO  com.app.Main  - 4)Back to main
[main] 2021-08-17 15:57:43 INFO  com.app.Main  - 
Enter your choice..
[main] 2021-08-17 15:57:59 INFO  com.app.Main  -                Online Shopping Application..!    
[main] 2021-08-17 15:57:59 INFO  com.app.Main  -     **************************************************
[main] 2021-08-17 15:57:59 INFO  com.app.Main  -  1) For customer login..!
[main] 2021-08-17 15:57:59 INFO  com.app.Main  -  2) For Admin login..!
[main] 2021-08-17 15:57:59 INFO  com.app.Main  - 
  Enter your choice....
[main] 2021-08-17 15:58:12 INFO  com.app.Main  -               customer login/register     
[main] 2021-08-17 15:58:12 INFO  com.app.Main  -         *********************************     
[main] 2021-08-17 15:58:12 INFO  com.app.Main  - 1)SignIn
[main] 2021-08-17 15:58:12 INFO  com.app.Main  - 2)SignUp
[main] 2021-08-17 15:58:12 INFO  com.app.Main  - 3)Forgot Password
[main] 2021-08-17 15:58:12 INFO  com.app.Main  - 4)Back to main
[main] 2021-08-17 15:58:12 INFO  com.app.Main  - 
Enter your choice..
[main] 2021-08-17 15:58:35 INFO  com.app.Main  -                Online Shopping Application..!    
[main] 2021-08-17 15:58:35 INFO  com.app.Main  -     **************************************************
[main] 2021-08-17 15:58:35 INFO  com.app.Main  - 1)For customer login..!
[main] 2021-08-17 15:58:35 INFO  com.app.Main  - 2)For Admin login..!
[main] 2021-08-17 15:58:35 INFO  com.app.Main  - 
 Enter your choice....
[main] 2021-08-17 15:58:46 INFO  com.app.Main  -                Online Shopping Application..!    
[main] 2021-08-17 15:58:46 INFO  com.app.Main  -     **************************************************
[main] 2021-08-17 15:58:46 INFO  com.app.Main  - 1)For customer login..!
[main] 2021-08-17 15:58:46 INFO  com.app.Main  - 2)For Admin login..!
[main] 2021-08-17 15:58:46 INFO  com.app.Main  - 
3)Enter your choice....
[main] 2021-08-17 15:58:55 INFO  com.app.Main  -                Online Shopping Application..!    
[main] 2021-08-17 15:58:55 INFO  com.app.Main  -     **************************************************
[main] 2021-08-17 15:58:55 INFO  com.app.Main  - 1)For customer login..!
[main] 2021-08-17 15:58:55 INFO  com.app.Main  - 2)For Admin login..!
[main] 2021-08-17 15:58:55 INFO  com.app.Main  - 
Enter your choice....
[main] 2021-08-17 15:59:09 INFO  com.app.Main  -                Online Shopping Application..!    
[main] 2021-08-17 15:59:09 INFO  com.app.Main  -     **************************************************
[main] 2021-08-17 15:59:09 INFO  com.app.Main  - 1)For customer login
[main] 2021-08-17 15:59:09 INFO  com.app.Main  - 2)For Admin login
[main] 2021-08-17 15:59:09 INFO  com.app.Main  - 
Enter your choice....
[main] 2021-08-17 15:59:16 INFO  com.app.Main  -               customer login/register     
[main] 2021-08-17 15:59:16 INFO  com.app.Main  -         *********************************     
[main] 2021-08-17 15:59:16 INFO  com.app.Main  - 1)SignIn
[main] 2021-08-17 15:59:16 INFO  com.app.Main  - 2)SignUp
[main] 2021-08-17 15:59:16 INFO  com.app.Main  - 3)Forgot Password
[main] 2021-08-17 15:59:16 INFO  com.app.Main  - 4)Back to main
[main] 2021-08-17 15:59:16 INFO  com.app.Main  - 
Enter your choice..
[main] 2021-08-17 16:00:47 INFO  com.app.Main  - Enter your Username: 
[main] 2021-08-17 16:00:47 INFO  com.app.Main  - Enter your password: 
[main] 2021-08-17 23:37:54 INFO  com.app.Main  -                Online Shopping Application..!    
[main] 2021-08-17 23:37:54 INFO  com.app.Main  -     **************************************************
[main] 2021-08-17 23:37:54 INFO  com.app.Main  - 1)For customer login
[main] 2021-08-17 23:37:54 INFO  com.app.Main  - 2)For Admin login
[main] 2021-08-17 23:37:54 INFO  com.app.Main  - 
Enter your choice....
[main] 2021-08-17 23:37:59 INFO  com.app.Main  -               customer login/register     
[main] 2021-08-17 23:37:59 INFO  com.app.Main  -         *********************************     
[main] 2021-08-17 23:37:59 INFO  com.app.Main  - 1)SignIn
[main] 2021-08-17 23:37:59 INFO  com.app.Main  - 2)SignUp
[main] 2021-08-17 23:37:59 INFO  com.app.Main  - 3)Forgot Password
[main] 2021-08-17 23:37:59 INFO  com.app.Main  - 4)Back to main
[main] 2021-08-17 23:37:59 INFO  com.app.Main  - 
Enter your choice..
[main] 2021-08-17 23:38:12 INFO  com.app.Main  - First Name: 
[main] 2021-08-17 23:38:19 INFO  com.app.Main  - Last Name: 
[main] 2021-08-18 14:30:06 INFO  com.app.Main  -                Online Shopping Application..!    
[main] 2021-08-18 14:30:06 INFO  com.app.Main  -     **************************************************
[main] 2021-08-18 14:30:06 INFO  com.app.Main  - 1)For customer login
[main] 2021-08-18 14:30:06 INFO  com.app.Main  - 2)For Admin login
[main] 2021-08-18 14:30:06 INFO  com.app.Main  - 
Enter your choice....
[main] 2021-08-18 14:30:44 INFO  com.app.Main  -                Online Shopping Application..!    
[main] 2021-08-18 14:30:44 INFO  com.app.Main  -     **************************************************
[main] 2021-08-18 14:30:44 INFO  com.app.Main  - 1)For customer login
[main] 2021-08-18 14:30:44 INFO  com.app.Main  - 2)For Admin login
[main] 2021-08-18 14:30:44 INFO  com.app.Main  - 
Enter your choice....
[main] 2021-08-18 14:30:48 INFO  com.app.Main  -               customer login/register     
[main] 2021-08-18 14:30:48 INFO  com.app.Main  -         *********************************     
[main] 2021-08-18 14:30:48 INFO  com.app.Main  - 1)SignIn
[main] 2021-08-18 14:30:48 INFO  com.app.Main  - 2)SignUp
[main] 2021-08-18 14:30:48 INFO  com.app.Main  - 3)Forgot Password
[main] 2021-08-18 14:30:48 INFO  com.app.Main  - 4)Back to main
[main] 2021-08-18 14:30:48 INFO  com.app.Main  - 
Enter your choice..
[main] 2021-08-18 14:30:59 INFO  com.app.Main  - Enter your email: 
[main] 2021-08-18 14:31:11 INFO  com.app.Main  - Enter a valid email Address
[main] 2021-08-18 14:31:11 INFO  com.app.Main  - Enter your password: 
[main] 2021-08-18 14:31:48 INFO  com.app.Main  -                Online Shopping Application..!    
[main] 2021-08-18 14:31:48 INFO  com.app.Main  -     **************************************************
[main] 2021-08-18 14:31:48 INFO  com.app.Main  - 1)For customer login
[main] 2021-08-18 14:31:48 INFO  com.app.Main  - 2)For Admin login
[main] 2021-08-18 14:31:48 INFO  com.app.Main  - 
Enter your choice....
[main] 2021-08-18 14:31:52 INFO  com.app.Main  -               customer login/register     
[main] 2021-08-18 14:31:52 INFO  com.app.Main  -         *********************************     
[main] 2021-08-18 14:31:52 INFO  com.app.Main  - 1)SignIn
[main] 2021-08-18 14:31:52 INFO  com.app.Main  - 2)SignUp
[main] 2021-08-18 14:31:52 INFO  com.app.Main  - 3)Forgot Password
[main] 2021-08-18 14:31:52 INFO  com.app.Main  - 4)Back to main
[main] 2021-08-18 14:31:52 INFO  com.app.Main  - 
Enter your choice..
[main] 2021-08-18 14:31:54 INFO  com.app.Main  - Enter your email: 
[main] 2021-08-18 14:32:04 INFO  com.app.Main  - Enter your password: 
[main] 2021-08-18 15:29:37 INFO  com.app.Main  -                Online Shopping Application..!    
[main] 2021-08-18 15:29:37 INFO  com.app.Main  -     **************************************************
[main] 2021-08-18 15:29:37 INFO  com.app.Main  - 1)For customer login
[main] 2021-08-18 15:29:37 INFO  com.app.Main  - 2)For Admin login
[main] 2021-08-18 15:29:37 INFO  com.app.Main  - 
Enter your choice....
[main] 2021-08-18 15:29:46 INFO  com.app.Main  -               customer login/register     
[main] 2021-08-18 15:29:46 INFO  com.app.Main  -         *********************************     
[main] 2021-08-18 15:29:46 INFO  com.app.Main  - 1)SignIn
[main] 2021-08-18 15:29:46 INFO  com.app.Main  - 2)SignUp
[main] 2021-08-18 15:29:46 INFO  com.app.Main  - 3)Forgot Password
[main] 2021-08-18 15:29:46 INFO  com.app.Main  - 4)Back to main
[main] 2021-08-18 15:29:46 INFO  com.app.Main  - 
Enter your choice..
[main] 2021-08-18 15:29:50 INFO  com.app.Main  - Email: 
[main] 2021-08-18 15:30:00 INFO  com.app.Main  - Password
[main] 2021-08-18 15:30:07 INFO  com.app.Main  - ReEnter your Password 
[main] 2021-08-18 15:30:12 INFO  com.app.Main  - Name: 
[main] 2021-08-18 15:30:19 INFO  com.app.Main  - Phone Number: 
[main] 2021-08-18 15:30:38 INFO  com.app.Main  -                Online Shopping Application..!    
[main] 2021-08-18 15:30:38 INFO  com.app.Main  -     **************************************************
[main] 2021-08-18 15:30:38 INFO  com.app.Main  - 1)For customer login
[main] 2021-08-18 15:30:38 INFO  com.app.Main  - 2)For Admin login
[main] 2021-08-18 15:30:38 INFO  com.app.Main  - 
Enter your choice....
[main] 2021-08-18 15:30:45 INFO  com.app.Main  -               customer login/register     
[main] 2021-08-18 15:30:45 INFO  com.app.Main  -         *********************************     
[main] 2021-08-18 15:30:45 INFO  com.app.Main  - 1)SignIn
[main] 2021-08-18 15:30:45 INFO  com.app.Main  - 2)SignUp
[main] 2021-08-18 15:30:45 INFO  com.app.Main  - 3)Forgot Password
[main] 2021-08-18 15:30:45 INFO  com.app.Main  - 4)Back to main
[main] 2021-08-18 15:30:45 INFO  com.app.Main  - 
Enter your choice..
[main] 2021-08-18 15:30:51 INFO  com.app.Main  - Email: 
[main] 2021-08-18 15:31:19 INFO  com.app.Main  - Password
[main] 2021-08-18 15:31:22 INFO  com.app.Main  - ReEnter your Password 
[main] 2021-08-18 15:31:24 INFO  com.app.Main  - Password mismatched...
[main] 2021-08-18 16:20:39 INFO  com.app.Main  -                Online Shopping Application..!    
[main] 2021-08-18 16:20:39 INFO  com.app.Main  -     **************************************************
[main] 2021-08-18 16:20:39 INFO  com.app.Main  - 1)For customer login
[main] 2021-08-18 16:20:39 INFO  com.app.Main  - 2)For Admin login
[main] 2021-08-18 16:20:39 INFO  com.app.Main  - 
Enter your choice....
[main] 2021-08-18 22:05:56 INFO  com.app.Main  -                Online Shopping Application..!    
[main] 2021-08-18 22:05:56 INFO  com.app.Main  -     **************************************************
[main] 2021-08-18 22:05:56 INFO  com.app.Main  - 1)For customer login
[main] 2021-08-18 22:05:56 INFO  com.app.Main  - 2)For Admin login
[main] 2021-08-18 22:05:56 INFO  com.app.Main  - 
Enter your choice....
[main] 2021-08-18 22:06:06 INFO  com.app.Main  -               customer login/register     
[main] 2021-08-18 22:06:06 INFO  com.app.Main  -         *********************************     
[main] 2021-08-18 22:06:06 INFO  com.app.Main  - 1)SignIn
[main] 2021-08-18 22:06:06 INFO  com.app.Main  - 2)SignUp
[main] 2021-08-18 22:06:06 INFO  com.app.Main  - 3)Forgot Password
[main] 2021-08-18 22:06:06 INFO  com.app.Main  - 4)Back to main
[main] 2021-08-18 22:06:06 INFO  com.app.Main  - 
Enter your choice..
[main] 2021-08-18 22:06:22 INFO  com.app.Main  - Email: 
[main] 2021-08-18 22:06:43 INFO  com.app.Main  - Password
[main] 2021-08-18 22:06:48 INFO  com.app.Main  - ReEnter your Password 
[main] 2021-08-18 22:06:53 INFO  com.app.Main  - Name: 
[main] 2021-08-18 22:07:45 INFO  com.app.Main  - Phone Number: 
[main] 2021-08-18 23:27:23 INFO  com.app.Main  -                Online Shopping Application..!    
[main] 2021-08-18 23:27:23 INFO  com.app.Main  -     **************************************************
[main] 2021-08-18 23:27:23 INFO  com.app.Main  - 1)For customer login
[main] 2021-08-18 23:27:23 INFO  com.app.Main  - 2)For Admin login
[main] 2021-08-18 23:27:23 INFO  com.app.Main  - 
Enter your choice....
[main] 2021-08-18 23:27:29 INFO  com.app.Main  -               customer login/register     
[main] 2021-08-18 23:27:29 INFO  com.app.Main  -         *********************************     
[main] 2021-08-18 23:27:29 INFO  com.app.Main  - 1)SignIn
[main] 2021-08-18 23:27:29 INFO  com.app.Main  - 2)SignUp
[main] 2021-08-18 23:27:29 INFO  com.app.Main  - 3)Forgot Password
[main] 2021-08-18 23:27:29 INFO  com.app.Main  - 4)Back to main
[main] 2021-08-18 23:27:29 INFO  com.app.Main  - 
Enter your choice..
[main] 2021-08-18 23:27:33 INFO  com.app.Main  - Email: 
[main] 2021-08-18 23:27:47 INFO  com.app.Main  - Password
[main] 2021-08-18 23:27:53 INFO  com.app.Main  - ReEnter your Password 
[main] 2021-08-18 23:27:57 INFO  com.app.Main  - Name: 
[main] 2021-08-18 23:28:05 INFO  com.app.Main  - Phone Number: 
[main] 2021-08-18 23:32:06 INFO  com.app.Main  -                Online Shopping Application..!    
[main] 2021-08-18 23:32:06 INFO  com.app.Main  -     **************************************************
[main] 2021-08-18 23:32:06 INFO  com.app.Main  - 1)For customer login
[main] 2021-08-18 23:32:06 INFO  com.app.Main  - 2)For Admin login
[main] 2021-08-18 23:32:06 INFO  com.app.Main  - 
Enter your choice....
[main] 2021-08-18 23:32:11 INFO  com.app.Main  -               customer login/register     
[main] 2021-08-18 23:32:11 INFO  com.app.Main  -         *********************************     
[main] 2021-08-18 23:32:11 INFO  com.app.Main  - 1)SignIn
[main] 2021-08-18 23:32:11 INFO  com.app.Main  - 2)SignUp
[main] 2021-08-18 23:32:11 INFO  com.app.Main  - 3)Forgot Password
[main] 2021-08-18 23:32:11 INFO  com.app.Main  - 4)Back to main
[main] 2021-08-18 23:32:11 INFO  com.app.Main  - 
Enter your choice..
[main] 2021-08-18 23:32:13 INFO  com.app.Main  - Email: 
[main] 2021-08-18 23:32:53 INFO  com.app.Main  - Password
[main] 2021-08-18 23:32:56 INFO  com.app.Main  - ReEnter your Password 
[main] 2021-08-18 23:32:58 INFO  com.app.Main  - Name: 
[main] 2021-08-18 23:33:01 INFO  com.app.Main  - Phone Number: 
[main] 2021-08-18 23:33:07 INFO  com.app.Main  - Record Added Sucessfully
[main] 2021-08-18 23:40:12 INFO  com.app.Main  -                Online Shopping Application..!    
[main] 2021-08-18 23:40:12 INFO  com.app.Main  -     **************************************************
[main] 2021-08-18 23:40:12 INFO  com.app.Main  - 1)For customer login
[main] 2021-08-18 23:40:12 INFO  com.app.Main  - 2)For Admin login
[main] 2021-08-18 23:40:12 INFO  com.app.Main  - 
Enter your choice....
[main] 2021-08-18 23:40:15 INFO  com.app.Main  -               customer login/register     
[main] 2021-08-18 23:40:15 INFO  com.app.Main  -         *********************************     
[main] 2021-08-18 23:40:15 INFO  com.app.Main  - 1)SignIn
[main] 2021-08-18 23:40:15 INFO  com.app.Main  - 2)SignUp
[main] 2021-08-18 23:40:15 INFO  com.app.Main  - 3)Forgot Password
[main] 2021-08-18 23:40:15 INFO  com.app.Main  - 4)Back to main
[main] 2021-08-18 23:40:15 INFO  com.app.Main  - 
Enter your choice..
[main] 2021-08-18 23:40:17 INFO  com.app.Main  - Email: 
[main] 2021-08-18 23:40:30 INFO  com.app.Main  - Password
[main] 2021-08-18 23:40:32 INFO  com.app.Main  - ReEnter your Password 
[main] 2021-08-18 23:40:34 INFO  com.app.Main  - Name: 
[main] 2021-08-18 23:40:38 INFO  com.app.Main  - Phone Number: 
[main] 2021-08-18 23:40:44 INFO  com.app.Main  - Record Added Sucessfully
[main] 2021-08-18 23:49:09 INFO  com.app.Main  -                Online Shopping Application..!    
[main] 2021-08-18 23:49:09 INFO  com.app.Main  -     **************************************************
[main] 2021-08-18 23:49:09 INFO  com.app.Main  - 1)For customer login
[main] 2021-08-18 23:49:09 INFO  com.app.Main  - 2)For Admin login
[main] 2021-08-18 23:49:09 INFO  com.app.Main  - 
Enter your choice....
[main] 2021-08-18 23:55:34 INFO  com.app.Main  -                Online Shopping Application..!    
[main] 2021-08-18 23:55:34 INFO  com.app.Main  -     **************************************************
[main] 2021-08-18 23:55:34 INFO  com.app.Main  - 1)For customer login
[main] 2021-08-18 23:55:34 INFO  com.app.Main  - 2)For Admin login
[main] 2021-08-18 23:55:34 INFO  com.app.Main  - 
Enter your choice....
[main] 2021-08-19 00:18:12 INFO  com.app.Main  -                Online Shopping Application..!    
[main] 2021-08-19 00:18:12 INFO  com.app.Main  -     **************************************************
[main] 2021-08-19 00:18:12 INFO  com.app.Main  - 1)For customer login
[main] 2021-08-19 00:18:12 INFO  com.app.Main  - 2)For Admin login
[main] 2021-08-19 00:18:12 INFO  com.app.Main  - 
Enter your choice....
[main] 2021-08-19 00:18:30 INFO  com.app.Main  -                Online Shopping Application..!    
[main] 2021-08-19 00:18:30 INFO  com.app.Main  -     **************************************************
[main] 2021-08-19 00:18:30 INFO  com.app.Main  - 1)For customer login
[main] 2021-08-19 00:18:30 INFO  com.app.Main  - 2)For Admin login
[main] 2021-08-19 00:18:30 INFO  com.app.Main  - 
Enter your choice....
[main] 2021-08-19 00:18:36 INFO  com.app.Main  -               customer login/register     
[main] 2021-08-19 00:18:36 INFO  com.app.Main  -         *********************************     
[main] 2021-08-19 00:18:36 INFO  com.app.Main  - 1)SignIn
[main] 2021-08-19 00:18:36 INFO  com.app.Main  - 2)SignUp
[main] 2021-08-19 00:18:36 INFO  com.app.Main  - 3)Forgot Password
[main] 2021-08-19 00:18:36 INFO  com.app.Main  - 4)Back to main
[main] 2021-08-19 00:18:36 INFO  com.app.Main  - 
Enter your choice..
[main] 2021-08-19 00:18:40 INFO  com.app.Main  - Email: 
[main] 2021-08-19 00:18:44 INFO  com.app.Main  - Password
[main] 2021-08-19 00:18:47 INFO  com.app.Main  - ReEnter your Password 
[main] 2021-08-19 00:18:51 INFO  com.app.Main  - Name: 
[main] 2021-08-19 00:18:55 INFO  com.app.Main  - Phone Number: 
[main] 2021-08-19 00:18:58 INFO  com.app.Main  - Password mismatched...
[main] 2021-08-19 10:47:30 INFO  com.app.Main  -                Online Shopping Application..!    
[main] 2021-08-19 10:47:30 INFO  com.app.Main  -     **************************************************
[main] 2021-08-19 10:47:30 INFO  com.app.Main  - 1)For customer login
[main] 2021-08-19 10:47:30 INFO  com.app.Main  - 2)For Admin login
[main] 2021-08-19 10:47:30 INFO  com.app.Main  - 
Enter your choice....
[main] 2021-08-19 10:47:56 INFO  com.app.Main  -                Online Shopping Application..!    
[main] 2021-08-19 10:47:56 INFO  com.app.Main  -     **************************************************
[main] 2021-08-19 10:47:56 INFO  com.app.Main  - 1)For customer login
[main] 2021-08-19 10:47:56 INFO  com.app.Main  - 2)For Admin login
[main] 2021-08-19 10:47:56 INFO  com.app.Main  - 
Enter your choice....
[main] 2021-08-19 10:48:00 INFO  com.app.Main  -               customer login/register     
[main] 2021-08-19 10:48:00 INFO  com.app.Main  -         *********************************     
[main] 2021-08-19 10:48:00 INFO  com.app.Main  - 1)SignIn
[main] 2021-08-19 10:48:00 INFO  com.app.Main  - 2)SignUp
[main] 2021-08-19 10:48:00 INFO  com.app.Main  - 3)Forgot Password
[main] 2021-08-19 10:48:00 INFO  com.app.Main  - 4)Back to main
[main] 2021-08-19 10:48:00 INFO  com.app.Main  - 
Enter your choice..
[main] 2021-08-19 10:48:03 INFO  com.app.Main  - Email: 
[main] 2021-08-19 10:48:15 INFO  com.app.Main  - Password
[main] 2021-08-19 10:48:17 INFO  com.app.Main  - ReEnter your Password 
[main] 2021-08-19 10:48:18 INFO  com.app.Main  - Name: 
[main] 2021-08-19 10:48:23 INFO  com.app.Main  - Phone Number: 
[main] 2021-08-19 10:48:25 INFO  com.app.Main  - Record Added Sucessfully
[main] 2021-08-19 10:54:19 INFO  com.app.Main  -                Online Shopping Application..!    
[main] 2021-08-19 10:54:19 INFO  com.app.Main  -     **************************************************
[main] 2021-08-19 10:54:19 INFO  com.app.Main  - 1)For customer login
[main] 2021-08-19 10:54:19 INFO  com.app.Main  - 2)For Admin login
[main] 2021-08-19 10:54:19 INFO  com.app.Main  - 
Enter your choice....
[main] 2021-08-19 10:54:23 INFO  com.app.Main  -               customer login/register     
[main] 2021-08-19 10:54:23 INFO  com.app.Main  -         *********************************     
[main] 2021-08-19 10:54:23 INFO  com.app.Main  - 1)SignIn
[main] 2021-08-19 10:54:23 INFO  com.app.Main  - 2)SignUp
[main] 2021-08-19 10:54:23 INFO  com.app.Main  - 3)Forgot Password
[main] 2021-08-19 10:54:23 INFO  com.app.Main  - 4)Back to main
[main] 2021-08-19 10:54:23 INFO  com.app.Main  - 
Enter your choice..
[main] 2021-08-19 10:54:28 INFO  com.app.Main  - Email: 
[main] 2021-08-19 10:54:36 INFO  com.app.Main  - Password
[main] 2021-08-19 10:54:38 INFO  com.app.Main  - ReEnter your Password 
[main] 2021-08-19 10:54:40 INFO  com.app.Main  - Name: 
[main] 2021-08-19 10:54:44 INFO  com.app.Main  - Phone Number: 
[main] 2021-08-19 10:54:49 INFO  com.app.Main  - Account Created Sucessfully
[main] 2021-08-19 10:54:49 INFO  com.app.Main  - Email: 
[main] 2021-08-19 10:54:49 INFO  com.app.Main  - Password
[main] 2021-08-19 10:55:19 INFO  com.app.Main  - ReEnter your Password 
[main] 2021-08-19 10:56:05 INFO  com.app.Main  - Name: 
[main] 2021-08-19 10:57:14 INFO  com.app.Main  -                Online Shopping Application..!    
[main] 2021-08-19 10:57:14 INFO  com.app.Main  -     **************************************************
[main] 2021-08-19 10:57:14 INFO  com.app.Main  - 1)For customer login
[main] 2021-08-19 10:57:14 INFO  com.app.Main  - 2)For Admin login
[main] 2021-08-19 10:57:14 INFO  com.app.Main  - 
Enter your choice....
[main] 2021-08-19 10:57:17 INFO  com.app.Main  -               customer login/register     
[main] 2021-08-19 10:57:17 INFO  com.app.Main  -         *********************************     
[main] 2021-08-19 10:57:17 INFO  com.app.Main  - 1)SignIn
[main] 2021-08-19 10:57:17 INFO  com.app.Main  - 2)SignUp
[main] 2021-08-19 10:57:17 INFO  com.app.Main  - 3)Forgot Password
[main] 2021-08-19 10:57:17 INFO  com.app.Main  - 4)Back to main
[main] 2021-08-19 10:57:17 INFO  com.app.Main  - 
Enter your choice..
[main] 2021-08-19 10:57:20 INFO  com.app.Main  - Email: 
[main] 2021-08-19 10:57:30 INFO  com.app.Main  - Password
[main] 2021-08-19 10:57:32 INFO  com.app.Main  - ReEnter your Password 
[main] 2021-08-19 10:57:34 INFO  com.app.Main  - Name: 
[main] 2021-08-19 10:57:38 INFO  com.app.Main  - Phone Number: 
[main] 2021-08-19 10:57:42 INFO  com.app.Main  - Account Created Sucessfully
[main] 2021-08-19 10:57:42 INFO  com.app.Main  - Email: 
[main] 2021-08-19 11:01:09 INFO  com.app.Main  -                Online Shopping Application..!    
[main] 2021-08-19 11:01:09 INFO  com.app.Main  -     **************************************************
[main] 2021-08-19 11:01:09 INFO  com.app.Main  - 1)For customer login
[main] 2021-08-19 11:01:09 INFO  com.app.Main  - 2)For Admin login
[main] 2021-08-19 11:01:09 INFO  com.app.Main  - 
Enter your choice....
[main] 2021-08-19 11:01:13 INFO  com.app.Main  -               customer login/register     
[main] 2021-08-19 11:01:13 INFO  com.app.Main  -         *********************************     
[main] 2021-08-19 11:01:13 INFO  com.app.Main  - 1)SignIn
[main] 2021-08-19 11:01:13 INFO  com.app.Main  - 2)SignUp
[main] 2021-08-19 11:01:13 INFO  com.app.Main  - 3)Forgot Password
[main] 2021-08-19 11:01:13 INFO  com.app.Main  - 4)Back to main
[main] 2021-08-19 11:01:13 INFO  com.app.Main  - 
Enter your choice..
[main] 2021-08-19 11:01:16 INFO  com.app.Main  - Email: 
[main] 2021-08-19 11:01:27 INFO  com.app.Main  - Password
[main] 2021-08-19 11:01:28 INFO  com.app.Main  - ReEnter your Password 
[main] 2021-08-19 11:01:30 INFO  com.app.Main  - Name: 
[main] 2021-08-19 11:01:36 INFO  com.app.Main  - Phone Number: 
[main] 2021-08-19 11:01:38 INFO  com.app.Main  - Account Created Sucessfully
[main] 2021-08-19 11:01:38 INFO  com.app.Main  - Press 2 for login
[main] 2021-08-19 11:01:38 INFO  com.app.Main  - Email: 
[main] 2021-08-19 11:06:18 INFO  com.app.Main  -                Online Shopping Application..!    
[main] 2021-08-19 11:06:18 INFO  com.app.Main  -     **************************************************
[main] 2021-08-19 11:06:18 INFO  com.app.Main  - 1)For customer login
[main] 2021-08-19 11:06:18 INFO  com.app.Main  - 2)For Admin login
[main] 2021-08-19 11:06:18 INFO  com.app.Main  - 
Enter your choice....
[main] 2021-08-19 11:06:20 INFO  com.app.Main  -               customer login/register     
[main] 2021-08-19 11:06:20 INFO  com.app.Main  -         *********************************     
[main] 2021-08-19 11:06:20 INFO  com.app.Main  - 1)SignIn
[main] 2021-08-19 11:06:20 INFO  com.app.Main  - 2)SignUp
[main] 2021-08-19 11:06:20 INFO  com.app.Main  - 3)Forgot Password
[main] 2021-08-19 11:06:20 INFO  com.app.Main  - 4)Back to main
[main] 2021-08-19 11:06:20 INFO  com.app.Main  - 
Enter your choice..
[main] 2021-08-19 11:06:25 INFO  com.app.Main  - Email: 
[main] 2021-08-19 11:06:31 INFO  com.app.Main  - Password
[main] 2021-08-19 11:06:35 INFO  com.app.Main  - ReEnter your Password 
[main] 2021-08-19 11:06:37 INFO  com.app.Main  - Name: 
[main] 2021-08-19 11:06:40 INFO  com.app.Main  - Phone Number: 
[main] 2021-08-19 11:06:43 INFO  com.app.Main  - Account Created Sucessfully
[main] 2021-08-19 11:06:43 INFO  com.app.Main  - Press 2 for login
[main] 2021-08-19 11:06:43 INFO  com.app.Main  - Email: 
[main] 2021-08-19 11:06:43 INFO  com.app.Main  - Password
[main] 2021-08-19 11:16:07 INFO  com.app.Main  -                Online Shopping Application..!    
[main] 2021-08-19 11:16:07 INFO  com.app.Main  -     **************************************************
[main] 2021-08-19 11:16:07 INFO  com.app.Main  - 1)For customer login
[main] 2021-08-19 11:16:07 INFO  com.app.Main  - 2)For Admin login
[main] 2021-08-19 11:16:07 INFO  com.app.Main  - 
Enter your choice....
[main] 2021-08-19 11:16:16 INFO  com.app.Main  -                Online Shopping Application..!    
[main] 2021-08-19 11:16:16 INFO  com.app.Main  -     **************************************************
[main] 2021-08-19 11:16:16 INFO  com.app.Main  - 1)For customer login
[main] 2021-08-19 11:16:16 INFO  com.app.Main  - 2)For Admin login
[main] 2021-08-19 11:16:16 INFO  com.app.Main  - 
Enter your choice....
[main] 2021-08-19 11:16:19 INFO  com.app.Main  -               customer login/register     
[main] 2021-08-19 11:16:19 INFO  com.app.Main  -         *********************************     
[main] 2021-08-19 11:16:19 INFO  com.app.Main  - 1)SignIn
[main] 2021-08-19 11:16:19 INFO  com.app.Main  - 2)SignUp
[main] 2021-08-19 11:16:19 INFO  com.app.Main  - 3)Forgot Password
[main] 2021-08-19 11:16:19 INFO  com.app.Main  - 4)Back to main
[main] 2021-08-19 11:16:19 INFO  com.app.Main  - 
Enter your choice..
[main] 2021-08-19 11:16:21 INFO  com.app.Main  - Email: 
[main] 2021-08-19 11:16:29 INFO  com.app.Main  - Password
[main] 2021-08-19 11:16:32 INFO  com.app.Main  - ReEnter your Password 
[main] 2021-08-19 11:16:33 INFO  com.app.Main  - Name: 
[main] 2021-08-19 11:16:39 INFO  com.app.Main  - Phone Number: 
[main] 2021-08-19 11:16:44 INFO  com.app.Main  - Account Created Sucessfully
[main] 2021-08-19 11:16:44 INFO  com.app.Main  -               customer login/register     
[main] 2021-08-19 11:16:44 INFO  com.app.Main  -         *********************************     
[main] 2021-08-19 11:16:44 INFO  com.app.Main  - 1)SignIn
[main] 2021-08-19 11:16:44 INFO  com.app.Main  - 2)SignUp
[main] 2021-08-19 11:16:44 INFO  com.app.Main  - 3)Forgot Password
[main] 2021-08-19 11:16:44 INFO  com.app.Main  - 4)Back to main
[main] 2021-08-19 11:16:44 INFO  com.app.Main  - 
Enter your choice..
[main] 2021-08-19 11:16:44 INFO  com.app.Main  - Email: 
[main] 2021-08-19 11:23:55 INFO  com.app.Main  -                Online Shopping Application..!    
[main] 2021-08-19 11:23:55 INFO  com.app.Main  -     **************************************************
[main] 2021-08-19 11:23:55 INFO  com.app.Main  - 1)For customer login
[main] 2021-08-19 11:23:55 INFO  com.app.Main  - 2)For Admin login
[main] 2021-08-19 11:23:55 INFO  com.app.Main  - 
Enter your choice....
[main] 2021-08-19 11:23:59 INFO  com.app.Main  -               customer login/register     
[main] 2021-08-19 11:23:59 INFO  com.app.Main  -         *********************************     
[main] 2021-08-19 11:23:59 INFO  com.app.Main  - 1)SignIn
[main] 2021-08-19 11:23:59 INFO  com.app.Main  - 2)SignUp
[main] 2021-08-19 11:23:59 INFO  com.app.Main  - 3)Forgot Password
[main] 2021-08-19 11:23:59 INFO  com.app.Main  - 4)Back to main
[main] 2021-08-19 11:23:59 INFO  com.app.Main  - 
Enter your choice..
[main] 2021-08-19 11:24:04 INFO  com.app.Main  - Email: 
[main] 2021-08-19 11:24:04 INFO  com.app.Main  - Password
[main] 2021-08-19 11:25:48 INFO  com.app.Main  -                Online Shopping Application..!    
[main] 2021-08-19 11:25:48 INFO  com.app.Main  -     **************************************************
[main] 2021-08-19 11:25:48 INFO  com.app.Main  - 1)For customer login
[main] 2021-08-19 11:25:48 INFO  com.app.Main  - 2)For Admin login
[main] 2021-08-19 11:25:48 INFO  com.app.Main  - 
Enter your choice....
[main] 2021-08-19 11:25:51 INFO  com.app.Main  -               customer login/register     
[main] 2021-08-19 11:25:51 INFO  com.app.Main  -         *********************************     
[main] 2021-08-19 11:25:51 INFO  com.app.Main  - 1)SignIn
[main] 2021-08-19 11:25:51 INFO  com.app.Main  - 2)SignUp
[main] 2021-08-19 11:25:51 INFO  com.app.Main  - 3)Forgot Password
[main] 2021-08-19 11:25:51 INFO  com.app.Main  - 4)Back to main
[main] 2021-08-19 11:25:51 INFO  com.app.Main  - 
Enter your choice..
[main] 2021-08-19 11:25:52 INFO  com.app.Main  - Email: 
[main] 2021-08-19 11:26:02 INFO  com.app.Main  - Password
[main] 2021-08-19 11:26:04 INFO  com.app.Main  - ReEnter your Password 
[main] 2021-08-19 11:26:06 INFO  com.app.Main  - Name: 
[main] 2021-08-19 11:26:06 INFO  com.app.Main  - Phone Number: 
[main] 2021-08-19 11:26:23 INFO  com.app.Main  - Account Created Sucessfully
[main] 2021-08-19 11:26:23 INFO  com.app.Main  -               customer login/register     
[main] 2021-08-19 11:26:23 INFO  com.app.Main  -         *********************************     
[main] 2021-08-19 11:26:23 INFO  com.app.Main  - 1)SignIn
[main] 2021-08-19 11:26:23 INFO  com.app.Main  - 2)SignUp
[main] 2021-08-19 11:26:23 INFO  com.app.Main  - 3)Forgot Password
[main] 2021-08-19 11:26:23 INFO  com.app.Main  - 4)Back to main
[main] 2021-08-19 11:26:23 INFO  com.app.Main  - 
Enter your choice..
[main] 2021-08-19 11:26:43 INFO  com.app.Main  - Enter your email: 
[main] 2021-08-19 15:32:15 INFO  com.app.Main  -                Online Shopping Application..!    
[main] 2021-08-19 15:32:15 INFO  com.app.Main  -     **************************************************
[main] 2021-08-19 15:32:15 INFO  com.app.Main  - 1)For customer login
[main] 2021-08-19 15:32:15 INFO  com.app.Main  - 2)For Admin login
[main] 2021-08-19 15:32:15 INFO  com.app.Main  - 
Enter your choice....
[main] 2021-08-19 15:32:18 INFO  com.app.Main  -               customer login/register     
[main] 2021-08-19 15:32:18 INFO  com.app.Main  -         *********************************     
[main] 2021-08-19 15:32:18 INFO  com.app.Main  - 1)SignIn
[main] 2021-08-19 15:32:18 INFO  com.app.Main  - 2)SignUp
[main] 2021-08-19 15:32:18 INFO  com.app.Main  - 3)Forgot Password
[main] 2021-08-19 15:32:18 INFO  com.app.Main  - 4)Back to main
[main] 2021-08-19 15:32:18 INFO  com.app.Main  - 
Enter your choice..
[main] 2021-08-19 15:32:22 INFO  com.app.Main  - Enter your email: 
[main] 2021-08-19 15:32:32 INFO  com.app.Main  - Enter your password: 
[main] 2021-08-19 15:32:35 INFO  com.app.Main  - Login Sucessfull
[main] 2021-08-19 15:32:35 INFO  com.app.Main  -             welcome manojm3@nf.com          
[main] 2021-08-19 15:32:35 INFO  com.app.Main  - ==============================
[main] 2021-08-19 15:32:35 INFO  com.app.Main  - 1) View Items
[main] 2021-08-19 15:32:35 INFO  com.app.Main  - 2) Add Items in Cart
[main] 2021-08-19 15:32:35 INFO  com.app.Main  - 3) Delete Items in Cart
[main] 2021-08-19 15:32:35 INFO  com.app.Main  - 4) Submit Cart
[main] 2021-08-19 15:32:35 INFO  com.app.Main  - 5) exit
[main] 2021-08-19 15:32:35 INFO  com.app.Main  -  Enter your Choice
[main] 2021-08-19 15:32:40 WARN  com.app.Main  - com.app.exception.BusinessException: Internal error occured, please contact support
[main] 2021-08-19 15:33:19 INFO  com.app.Main  -                Online Shopping Application..!    
[main] 2021-08-19 15:33:19 INFO  com.app.Main  -     **************************************************
[main] 2021-08-19 15:33:19 INFO  com.app.Main  - 1)For customer login
[main] 2021-08-19 15:33:19 INFO  com.app.Main  - 2)For Admin login
[main] 2021-08-19 15:33:19 INFO  com.app.Main  - 
Enter your choice....
[main] 2021-08-19 15:33:25 INFO  com.app.Main  -               customer login/register     
[main] 2021-08-19 15:33:25 INFO  com.app.Main  -         *********************************     
[main] 2021-08-19 15:33:25 INFO  com.app.Main  - 1)SignIn
[main] 2021-08-19 15:33:25 INFO  com.app.Main  - 2)SignUp
[main] 2021-08-19 15:33:25 INFO  com.app.Main  - 3)Forgot Password
[main] 2021-08-19 15:33:25 INFO  com.app.Main  - 4)Back to main
[main] 2021-08-19 15:33:25 INFO  com.app.Main  - 
Enter your choice..
[main] 2021-08-19 15:33:29 INFO  com.app.Main  - Enter your email: 
[main] 2021-08-19 15:33:35 INFO  com.app.Main  - Enter your password: 
[main] 2021-08-19 15:33:37 INFO  com.app.Main  - Login Sucessfull
[main] 2021-08-19 15:33:37 INFO  com.app.Main  -             welcome njnj@hh.com          
[main] 2021-08-19 15:33:37 INFO  com.app.Main  - ==============================
[main] 2021-08-19 15:33:37 INFO  com.app.Main  - 1) View Items
[main] 2021-08-19 15:33:37 INFO  com.app.Main  - 2) Add Items in Cart
[main] 2021-08-19 15:33:37 INFO  com.app.Main  - 3) Delete Items in Cart
[main] 2021-08-19 15:33:37 INFO  com.app.Main  - 4) Submit Cart
[main] 2021-08-19 15:33:37 INFO  com.app.Main  - 5) exit
[main] 2021-08-19 15:33:37 INFO  com.app.Main  -  Enter your Choice
[main] 2021-08-19 15:33:45 INFO  com.app.Main  - Product [productId=1, name=redm1 note 5, category=Mobiles, price=11000.0, quantity=8, desc=null]
[main] 2021-08-19 15:33:45 INFO  com.app.Main  - Product [productId=2, name=gas stove, category=HomeAppliance, price=3500.0, quantity=10, desc=null]
[main] 2021-08-19 15:33:45 INFO  com.app.Main  - Product [productId=3, name=trimmer, category=electronics, price=2000.0, quantity=150, desc=null]
[main] 2021-08-19 15:33:45 INFO  com.app.Main  - Product [productId=4, name=t shirt, category=wardrobes, price=500.0, quantity=250, desc=null]
[main] 2021-08-19 15:33:45 INFO  com.app.Main  - Product [productId=5, name=boat earphone, category=electronics, price=1200.0, quantity=10, desc=null]
[main] 2021-08-19 15:33:45 INFO  com.app.Main  -             welcome njnj@hh.com          
[main] 2021-08-19 15:33:45 INFO  com.app.Main  - ==============================
[main] 2021-08-19 15:33:45 INFO  com.app.Main  - 1) View Items
[main] 2021-08-19 15:33:45 INFO  com.app.Main  - 2) Add Items in Cart
[main] 2021-08-19 15:33:45 INFO  com.app.Main  - 3) Delete Items in Cart
[main] 2021-08-19 15:33:45 INFO  com.app.Main  - 4) Submit Cart
[main] 2021-08-19 15:33:45 INFO  com.app.Main  - 5) exit
[main] 2021-08-19 15:33:45 INFO  com.app.Main  -  Enter your Choice
[main] 2021-08-19 16:35:36 INFO  com.app.Main  -                Online Shopping Application..!    
[main] 2021-08-19 16:35:36 INFO  com.app.Main  -     **************************************************
[main] 2021-08-19 16:35:36 INFO  com.app.Main  - 1)For customer login
[main] 2021-08-19 16:35:36 INFO  com.app.Main  - 2)For Admin login
[main] 2021-08-19 16:35:36 INFO  com.app.Main  - 
Enter your choice....
[main] 2021-08-19 16:35:44 INFO  com.app.Main  -               customer login/register     
[main] 2021-08-19 16:35:44 INFO  com.app.Main  -         *********************************     
[main] 2021-08-19 16:35:44 INFO  com.app.Main  - 1)SignIn
[main] 2021-08-19 16:35:44 INFO  com.app.Main  - 2)SignUp
[main] 2021-08-19 16:35:44 INFO  com.app.Main  - 3)Forgot Password
[main] 2021-08-19 16:35:44 INFO  com.app.Main  - 4)Back to main
[main] 2021-08-19 16:35:44 INFO  com.app.Main  - 
Enter your choice..
[main] 2021-08-19 16:36:15 INFO  com.app.Main  - Enter your email: 
[main] 2021-08-19 16:36:28 INFO  com.app.Main  - Enter your password: 
[main] 2021-08-19 16:36:33 WARN  com.app.Main  - Invalid credentials/signup
[main] 2021-08-19 16:36:33 INFO  com.app.Main  -                 welcome  User        
[main] 2021-08-19 16:36:33 INFO  com.app.Main  -       ==============================
[main] 2021-08-19 16:36:33 INFO  com.app.Main  - 1) View Items
[main] 2021-08-19 16:36:33 INFO  com.app.Main  - 2) Add Items in Cart
[main] 2021-08-19 16:36:33 INFO  com.app.Main  - 3) Delete Items in Cart
[main] 2021-08-19 16:36:33 INFO  com.app.Main  - 4) Submit Cart
[main] 2021-08-19 16:36:33 INFO  com.app.Main  - 5) exit
[main] 2021-08-19 16:36:33 INFO  com.app.Main  -  Enter your Choice
[main] 2021-08-19 16:41:58 INFO  com.app.Main  -                Online Shopping Application..!    
[main] 2021-08-19 16:41:58 INFO  com.app.Main  -     **************************************************
[main] 2021-08-19 16:41:58 INFO  com.app.Main  - 1)For customer login
[main] 2021-08-19 16:41:58 INFO  com.app.Main  - 2)For Admin login
[main] 2021-08-19 16:41:58 INFO  com.app.Main  - 
Enter your choice....
[main] 2021-08-19 16:42:03 INFO  com.app.Main  -               customer login/register     
[main] 2021-08-19 16:42:03 INFO  com.app.Main  -         *********************************     
[main] 2021-08-19 16:42:03 INFO  com.app.Main  - 1)SignIn
[main] 2021-08-19 16:42:03 INFO  com.app.Main  - 2)SignUp
[main] 2021-08-19 16:42:03 INFO  com.app.Main  - 3)Forgot Password
[main] 2021-08-19 16:42:03 INFO  com.app.Main  - 4)Back to main
[main] 2021-08-19 16:42:03 INFO  com.app.Main  - 
Enter your choice..
[main] 2021-08-19 16:42:07 INFO  com.app.Main  - Enter your email: 
[main] 2021-08-19 16:42:21 INFO  com.app.Main  - Enter your password: 
[main] 2021-08-19 16:42:26 WARN  com.app.Main  - Invalid credentials/signup
[main] 2021-08-19 16:42:26 INFO  com.app.Main  -               customer login/register     
[main] 2021-08-19 16:42:26 INFO  com.app.Main  -         *********************************     
[main] 2021-08-19 16:42:26 INFO  com.app.Main  - 1)SignIn
[main] 2021-08-19 16:42:26 INFO  com.app.Main  - 2)SignUp
[main] 2021-08-19 16:42:26 INFO  com.app.Main  - 3)Forgot Password
[main] 2021-08-19 16:42:26 INFO  com.app.Main  - 4)Back to main
[main] 2021-08-19 16:42:26 INFO  com.app.Main  - 
Enter your choice..
[main] 2021-08-19 16:42:46 INFO  com.app.Main  - Email: 
[main] 2021-08-19 16:43:12 INFO  com.app.Main  - Password
[main] 2021-08-19 16:43:20 INFO  com.app.Main  - ReEnter your Password 
[main] 2021-08-19 16:43:24 INFO  com.app.Main  - Name: 
[main] 2021-08-19 16:43:28 INFO  com.app.Main  - Phone Number: 
[main] 2021-08-19 16:43:34 INFO  com.app.Main  - Account Created Sucessfully
[main] 2021-08-19 16:43:34 INFO  com.app.Main  -               customer login/register     
[main] 2021-08-19 16:43:34 INFO  com.app.Main  -         *********************************     
[main] 2021-08-19 16:43:34 INFO  com.app.Main  - 1)SignIn
[main] 2021-08-19 16:43:34 INFO  com.app.Main  - 2)SignUp
[main] 2021-08-19 16:43:34 INFO  com.app.Main  - 3)Forgot Password
[main] 2021-08-19 16:43:34 INFO  com.app.Main  - 4)Back to main
[main] 2021-08-19 16:43:34 INFO  com.app.Main  - 
Enter your choice..
[main] 2021-08-19 16:44:41 INFO  com.app.Main  -                Online Shopping Application..!    
[main] 2021-08-19 16:44:41 INFO  com.app.Main  -     **************************************************
[main] 2021-08-19 16:44:41 INFO  com.app.Main  - 1)For customer login
[main] 2021-08-19 16:44:41 INFO  com.app.Main  - 2)For Admin login
[main] 2021-08-19 16:44:41 INFO  com.app.Main  - 
Enter your choice....
[main] 2021-08-19 16:44:47 INFO  com.app.Main  -               customer login/register     
[main] 2021-08-19 16:44:47 INFO  com.app.Main  -         *********************************     
[main] 2021-08-19 16:44:47 INFO  com.app.Main  - 1)SignIn
[main] 2021-08-19 16:44:47 INFO  com.app.Main  - 2)SignUp
[main] 2021-08-19 16:44:47 INFO  com.app.Main  - 3)Forgot Password
[main] 2021-08-19 16:44:47 INFO  com.app.Main  - 4)Back to main
[main] 2021-08-19 16:44:47 INFO  com.app.Main  - 
Enter your choice..
[main] 2021-08-19 16:44:58 INFO  com.app.Main  - Enter your email: 
[main] 2021-08-19 16:45:17 INFO  com.app.Main  - Enter your password: 
[main] 2021-08-19 16:45:22 WARN  com.app.Main  - Invalid credentials/signup
[main] 2021-08-19 16:45:22 INFO  com.app.Main  -               customer login/register     
[main] 2021-08-19 16:45:22 INFO  com.app.Main  -         *********************************     
[main] 2021-08-19 16:45:22 INFO  com.app.Main  - 1)SignIn
[main] 2021-08-19 16:45:22 INFO  com.app.Main  - 2)SignUp
[main] 2021-08-19 16:45:22 INFO  com.app.Main  - 3)Forgot Password
[main] 2021-08-19 16:45:22 INFO  com.app.Main  - 4)Back to main
[main] 2021-08-19 16:45:22 INFO  com.app.Main  - 
Enter your choice..
