2021-08-17 13:07:31,366 [Worker-2: Loading available Gradle versions] INFO  o.e.b.c.i.u.g.PublishedGradleVersions - Gradle version information cache is up-to-date. Trying to read.
2021-08-17 13:11:21,701 [Worker-10: Creating project "Shopping_app"] INFO  o.e.m.c.i.l.LifecycleMappingFactory - Using org.eclipse.m2e.jdt.JarLifecycleMapping lifecycle mapping for MavenProject: com.app:Shopping_app:0.0.1-SNAPSHOT @ D:\ShoppingOnline\Shopping_app\pom.xml.
2021-08-17 13:11:23,162 [Worker-10: Creating project "Shopping_app"] INFO  o.e.m.j.i.AbstractJavaProjectConfigurator - Adding source folder /Shopping_app/src/main/java
2021-08-17 13:11:23,163 [Worker-10: Creating project "Shopping_app"] INFO  o.e.m.j.i.AbstractJavaProjectConfigurator - Adding resource folder /Shopping_app/src/main/resources
2021-08-17 13:11:23,164 [Worker-10: Creating project "Shopping_app"] INFO  o.e.m.j.i.AbstractJavaProjectConfigurator - Adding source folder /Shopping_app/src/test/java
2021-08-17 13:11:23,164 [Worker-10: Creating project "Shopping_app"] INFO  o.e.m.j.i.AbstractJavaProjectConfigurator - Adding resource folder /Shopping_app/src/test/resources
2021-08-17 13:11:24,350 [Worker-11: Building] WARN  o.e.m.c.i.embedder.EclipseLogger - Using platform encoding (Cp1252 actually) to copy filtered resources, i.e. build is platform dependent!
2021-08-17 13:11:24,358 [Worker-11: Building] INFO  o.e.m.c.i.embedder.EclipseLogger - Copying 0 resource
2021-08-17 13:11:24,361 [Worker-11: Building] WARN  o.e.m.c.i.embedder.EclipseLogger - Using platform encoding (Cp1252 actually) to copy filtered resources, i.e. build is platform dependent!
2021-08-17 13:11:24,362 [Worker-11: Building] INFO  o.e.m.c.i.embedder.EclipseLogger - Copying 0 resource
2021-08-17 13:12:16,220 [Worker-10: Building] INFO  o.e.m.c.i.l.LifecycleMappingFactory - Using org.eclipse.m2e.jdt.JarLifecycleMapping lifecycle mapping for MavenProject: com.app:player_app:0.0.1-SNAPSHOT @ D:\Revature_training\revature_India_26th_July_13Week\Week3(SQL,JDBC)\jdbc_demos\player_app\pom.xml.
2021-08-17 13:12:16,392 [Worker-10: Building] WARN  o.e.m.c.i.embedder.EclipseLogger - Using platform encoding (Cp1252 actually) to copy filtered resources, i.e. build is platform dependent!
2021-08-17 13:12:16,395 [Worker-10: Building] INFO  o.e.m.c.i.embedder.EclipseLogger - Copying 1 resource
2021-08-17 13:12:16,405 [Worker-10: Building] WARN  o.e.m.c.i.embedder.EclipseLogger - Using platform encoding (Cp1252 actually) to copy filtered resources, i.e. build is platform dependent!
2021-08-17 13:12:16,406 [Worker-10: Building] INFO  o.e.m.c.i.embedder.EclipseLogger - skip non existing resourceDirectory D:\Revature_training\revature_India_26th_July_13Week\Week3(SQL,JDBC)\jdbc_demos\player_app\src\test\resources
2021-08-17 13:12:16,816 [Worker-12: Updating Maven Dependencies] INFO  o.e.m.c.i.l.LifecycleMappingFactory - Using org.eclipse.m2e.jdt.JarLifecycleMapping lifecycle mapping for MavenProject: com.app:player_app:0.0.1-SNAPSHOT @ D:\Revature_training\revature_India_26th_July_13Week\Week3(SQL,JDBC)\jdbc_demos\player_app\pom.xml.
2021-08-17 13:12:17,690 [Worker-11: Building] WARN  o.e.m.c.i.embedder.EclipseLogger - Using platform encoding (Cp1252 actually) to copy filtered resources, i.e. build is platform dependent!
2021-08-17 13:12:17,694 [Worker-11: Building] INFO  o.e.m.c.i.embedder.EclipseLogger - Copying 0 resource
2021-08-17 13:12:17,697 [Worker-11: Building] WARN  o.e.m.c.i.embedder.EclipseLogger - Using platform encoding (Cp1252 actually) to copy filtered resources, i.e. build is platform dependent!
2021-08-17 13:12:17,698 [Worker-11: Building] INFO  o.e.m.c.i.embedder.EclipseLogger - skip non existing resourceDirectory D:\Revature_training\revature_India_26th_July_13Week\Week3(SQL,JDBC)\jdbc_demos\player_app\src\test\resources
2021-08-17 13:13:17,907 [Worker-10: Building] INFO  o.e.m.c.i.l.LifecycleMappingFactory - Using org.eclipse.m2e.jdt.JarLifecycleMapping lifecycle mapping for MavenProject: com.app:Shopping_app:0.0.1-SNAPSHOT @ D:\ShoppingOnline\Shopping_app\pom.xml.
2021-08-17 13:13:18,024 [Worker-10: Building] WARN  o.e.m.c.i.embedder.EclipseLogger - Using platform encoding (Cp1252 actually) to copy filtered resources, i.e. build is platform dependent!
2021-08-17 13:13:18,025 [Worker-10: Building] INFO  o.e.m.c.i.embedder.EclipseLogger - Copying 0 resource
2021-08-17 13:13:18,026 [Worker-10: Building] WARN  o.e.m.c.i.embedder.EclipseLogger - Using platform encoding (Cp1252 actually) to copy filtered resources, i.e. build is platform dependent!
2021-08-17 13:13:18,027 [Worker-10: Building] INFO  o.e.m.c.i.embedder.EclipseLogger - Copying 0 resource
2021-08-17 13:13:19,279 [Worker-10: Building] WARN  o.e.m.c.i.embedder.EclipseLogger - Using platform encoding (Cp1252 actually) to copy filtered resources, i.e. build is platform dependent!
2021-08-17 13:13:19,282 [Worker-10: Building] INFO  o.e.m.c.i.embedder.EclipseLogger - Copying 0 resource
2021-08-17 13:13:19,285 [Worker-10: Building] WARN  o.e.m.c.i.embedder.EclipseLogger - Using platform encoding (Cp1252 actually) to copy filtered resources, i.e. build is platform dependent!
2021-08-17 13:13:19,286 [Worker-10: Building] INFO  o.e.m.c.i.embedder.EclipseLogger - Copying 0 resource
2021-08-17 13:13:31,792 [Worker-4: Updating Maven Project] INFO  o.e.m.c.i.p.ProjectConfigurationManager - Update started
2021-08-17 13:13:31,860 [Worker-4: Updating Maven Project] INFO  o.e.m.c.i.l.LifecycleMappingFactory - Using org.eclipse.m2e.jdt.JarLifecycleMapping lifecycle mapping for MavenProject: com.app:Shopping_app:0.0.1-SNAPSHOT @ D:\ShoppingOnline\Shopping_app\pom.xml.
2021-08-17 13:13:31,964 [Worker-4: Updating Maven Project] INFO  o.e.m.j.i.AbstractJavaProjectConfigurator - Adding source folder /Shopping_app/src/main/java
2021-08-17 13:13:31,965 [Worker-4: Updating Maven Project] INFO  o.e.m.j.i.AbstractJavaProjectConfigurator - Adding resource folder /Shopping_app/src/main/resources
2021-08-17 13:13:31,966 [Worker-4: Updating Maven Project] INFO  o.e.m.j.i.AbstractJavaProjectConfigurator - Adding source folder /Shopping_app/src/test/java
2021-08-17 13:13:31,966 [Worker-4: Updating Maven Project] INFO  o.e.m.j.i.AbstractJavaProjectConfigurator - Adding resource folder /Shopping_app/src/test/resources
2021-08-17 13:13:32,080 [Worker-4: Updating Maven Project] INFO  o.e.m.c.i.p.ProjectConfigurationManager - Update completed: 0 sec
2021-08-17 13:13:32,217 [Worker-4: Building] WARN  o.e.m.c.i.embedder.EclipseLogger - Using platform encoding (Cp1252 actually) to copy filtered resources, i.e. build is platform dependent!
2021-08-17 13:13:32,218 [Worker-4: Building] INFO  o.e.m.c.i.embedder.EclipseLogger - Copying 0 resource
2021-08-17 13:13:32,220 [Worker-4: Building] WARN  o.e.m.c.i.embedder.EclipseLogger - Using platform encoding (Cp1252 actually) to copy filtered resources, i.e. build is platform dependent!
2021-08-17 13:13:32,221 [Worker-4: Building] INFO  o.e.m.c.i.embedder.EclipseLogger - Copying 0 resource
2021-08-17 13:14:46,053 [Worker-14: Building] INFO  o.e.m.c.i.l.LifecycleMappingFactory - Using org.eclipse.m2e.jdt.JarLifecycleMapping lifecycle mapping for MavenProject: com.app:Shopping_app:0.0.1-SNAPSHOT @ D:\ShoppingOnline\Shopping_app\pom.xml.
2021-08-17 13:14:46,145 [Worker-14: Building] WARN  o.e.m.c.i.embedder.EclipseLogger - Using platform encoding (Cp1252 actually) to copy filtered resources, i.e. build is platform dependent!
2021-08-17 13:14:46,146 [Worker-14: Building] INFO  o.e.m.c.i.embedder.EclipseLogger - Copying 0 resource
2021-08-17 13:14:46,148 [Worker-14: Building] WARN  o.e.m.c.i.embedder.EclipseLogger - Using platform encoding (Cp1252 actually) to copy filtered resources, i.e. build is platform dependent!
2021-08-17 13:14:46,149 [Worker-14: Building] INFO  o.e.m.c.i.embedder.EclipseLogger - Copying 0 resource
2021-08-17 13:14:50,173 [Worker-8: Updating Maven Project] INFO  o.e.m.c.i.p.ProjectConfigurationManager - Update started
2021-08-17 13:14:50,241 [Worker-8: Updating Maven Project] INFO  o.e.m.c.i.l.LifecycleMappingFactory - Using org.eclipse.m2e.jdt.JarLifecycleMapping lifecycle mapping for MavenProject: com.app:Shopping_app:0.0.1-SNAPSHOT @ D:\ShoppingOnline\Shopping_app\pom.xml.
2021-08-17 13:14:50,306 [Worker-8: Updating Maven Project] INFO  o.e.m.j.i.AbstractJavaProjectConfigurator - Adding source folder /Shopping_app/src/main/java
2021-08-17 13:14:50,306 [Worker-8: Updating Maven Project] INFO  o.e.m.j.i.AbstractJavaProjectConfigurator - Adding resource folder /Shopping_app/src/main/resources
2021-08-17 13:14:50,307 [Worker-8: Updating Maven Project] INFO  o.e.m.j.i.AbstractJavaProjectConfigurator - Adding source folder /Shopping_app/src/test/java
2021-08-17 13:14:50,307 [Worker-8: Updating Maven Project] INFO  o.e.m.j.i.AbstractJavaProjectConfigurator - Adding resource folder /Shopping_app/src/test/resources
2021-08-17 13:14:50,378 [Worker-8: Updating Maven Project] INFO  o.e.m.c.i.p.ProjectConfigurationManager - Update completed: 0 sec
2021-08-17 13:14:50,541 [Worker-14: Building] WARN  o.e.m.c.i.embedder.EclipseLogger - Using platform encoding (Cp1252 actually) to copy filtered resources, i.e. build is platform dependent!
2021-08-17 13:14:50,542 [Worker-14: Building] INFO  o.e.m.c.i.embedder.EclipseLogger - Copying 0 resource
2021-08-17 13:14:50,545 [Worker-14: Building] WARN  o.e.m.c.i.embedder.EclipseLogger - Using platform encoding (Cp1252 actually) to copy filtered resources, i.e. build is platform dependent!
2021-08-17 13:14:50,546 [Worker-14: Building] INFO  o.e.m.c.i.embedder.EclipseLogger - Copying 0 resource
2021-08-17 13:15:43,712 [Worker-10: Building] INFO  o.e.m.c.i.l.LifecycleMappingFactory - Using org.eclipse.m2e.jdt.JarLifecycleMapping lifecycle mapping for MavenProject: com.app:Shopping_app:0.0.1-SNAPSHOT @ D:\ShoppingOnline\Shopping_app\pom.xml.
2021-08-17 13:15:43,757 [Worker-10: Building] WARN  o.e.m.c.i.embedder.EclipseLogger - Using platform encoding (Cp1252 actually) to copy filtered resources, i.e. build is platform dependent!
2021-08-17 13:15:43,757 [Worker-10: Building] INFO  o.e.m.c.i.embedder.EclipseLogger - Copying 0 resource
2021-08-17 13:15:43,759 [Worker-10: Building] WARN  o.e.m.c.i.embedder.EclipseLogger - Using platform encoding (Cp1252 actually) to copy filtered resources, i.e. build is platform dependent!
2021-08-17 13:15:43,760 [Worker-10: Building] INFO  o.e.m.c.i.embedder.EclipseLogger - Copying 0 resource
2021-08-17 13:15:49,251 [Worker-4: Updating Maven Project] INFO  o.e.m.c.i.p.ProjectConfigurationManager - Update started
2021-08-17 13:15:49,303 [Worker-4: Updating Maven Project] INFO  o.e.m.c.i.l.LifecycleMappingFactory - Using org.eclipse.m2e.jdt.JarLifecycleMapping lifecycle mapping for MavenProject: com.app:Shopping_app:0.0.1-SNAPSHOT @ D:\ShoppingOnline\Shopping_app\pom.xml.
2021-08-17 13:15:49,348 [Worker-4: Updating Maven Project] INFO  o.e.m.j.i.AbstractJavaProjectConfigurator - Adding source folder /Shopping_app/src/main/java
2021-08-17 13:15:49,349 [Worker-4: Updating Maven Project] INFO  o.e.m.j.i.AbstractJavaProjectConfigurator - Adding resource folder /Shopping_app/src/main/resources
2021-08-17 13:15:49,350 [Worker-4: Updating Maven Project] INFO  o.e.m.j.i.AbstractJavaProjectConfigurator - Adding source folder /Shopping_app/src/test/java
2021-08-17 13:15:49,351 [Worker-4: Updating Maven Project] INFO  o.e.m.j.i.AbstractJavaProjectConfigurator - Adding resource folder /Shopping_app/src/test/resources
2021-08-17 13:15:49,408 [Worker-4: Updating Maven Project] INFO  o.e.m.c.i.p.ProjectConfigurationManager - Update completed: 0 sec
2021-08-17 13:15:49,586 [Worker-15: Building] WARN  o.e.m.c.i.embedder.EclipseLogger - Using platform encoding (Cp1252 actually) to copy filtered resources, i.e. build is platform dependent!
2021-08-17 13:15:49,587 [Worker-15: Building] INFO  o.e.m.c.i.embedder.EclipseLogger - Copying 0 resource
2021-08-17 13:15:49,588 [Worker-15: Building] WARN  o.e.m.c.i.embedder.EclipseLogger - Using platform encoding (Cp1252 actually) to copy filtered resources, i.e. build is platform dependent!
2021-08-17 13:15:49,589 [Worker-15: Building] INFO  o.e.m.c.i.embedder.EclipseLogger - Copying 0 resource
2021-08-17 13:22:16,861 [Worker-16: Building] WARN  o.e.m.c.i.embedder.EclipseLogger - Using platform encoding (Cp1252 actually) to copy filtered resources, i.e. build is platform dependent!
2021-08-17 13:22:16,864 [Worker-16: Building] INFO  o.e.m.c.i.embedder.EclipseLogger - Copying 1 resource
2021-08-17 13:22:16,869 [Worker-16: Building] WARN  o.e.m.c.i.embedder.EclipseLogger - Using platform encoding (Cp1252 actually) to copy filtered resources, i.e. build is platform dependent!
2021-08-17 13:22:16,870 [Worker-16: Building] INFO  o.e.m.c.i.embedder.EclipseLogger - Copying 0 resource
2021-08-17 13:23:06,699 [Worker-16: Building] WARN  o.e.m.c.i.embedder.EclipseLogger - Using platform encoding (Cp1252 actually) to copy filtered resources, i.e. build is platform dependent!
2021-08-17 13:23:06,699 [Worker-16: Building] INFO  o.e.m.c.i.embedder.EclipseLogger - Copying 1 resource
2021-08-17 13:23:06,701 [Worker-16: Building] WARN  o.e.m.c.i.embedder.EclipseLogger - Using platform encoding (Cp1252 actually) to copy filtered resources, i.e. build is platform dependent!
2021-08-17 13:23:06,702 [Worker-16: Building] INFO  o.e.m.c.i.embedder.EclipseLogger - Copying 0 resource
2021-08-17 13:26:08,303 [Worker-17: Building] WARN  o.e.m.c.i.embedder.EclipseLogger - Using platform encoding (Cp1252 actually) to copy filtered resources, i.e. build is platform dependent!
2021-08-17 13:26:08,305 [Worker-17: Building] INFO  o.e.m.c.i.embedder.EclipseLogger - Copying 1 resource
2021-08-17 13:26:08,307 [Worker-17: Building] WARN  o.e.m.c.i.embedder.EclipseLogger - Using platform encoding (Cp1252 actually) to copy filtered resources, i.e. build is platform dependent!
2021-08-17 13:26:08,308 [Worker-17: Building] INFO  o.e.m.c.i.embedder.EclipseLogger - Copying 0 resource
2021-08-17 13:26:08,321 [Worker-17: Building] WARN  o.e.m.c.i.embedder.EclipseLogger - Using platform encoding (Cp1252 actually) to copy filtered resources, i.e. build is platform dependent!
2021-08-17 13:26:08,323 [Worker-17: Building] INFO  o.e.m.c.i.embedder.EclipseLogger - Copying 0 resource
2021-08-17 13:26:08,324 [Worker-17: Building] WARN  o.e.m.c.i.embedder.EclipseLogger - Using platform encoding (Cp1252 actually) to copy filtered resources, i.e. build is platform dependent!
2021-08-17 13:26:08,326 [Worker-17: Building] INFO  o.e.m.c.i.embedder.EclipseLogger - skip non existing resourceDirectory D:\Revature_training\revature_India_26th_July_13Week\Week3(SQL,JDBC)\jdbc_demos\player_app\src\test\resources
2021-08-17 13:26:24,444 [Worker-16: Building] WARN  o.e.m.c.i.embedder.EclipseLogger - Using platform encoding (Cp1252 actually) to copy filtered resources, i.e. build is platform dependent!
2021-08-17 13:26:24,448 [Worker-16: Building] INFO  o.e.m.c.i.embedder.EclipseLogger - Copying 1 resource
2021-08-17 13:26:24,451 [Worker-16: Building] WARN  o.e.m.c.i.embedder.EclipseLogger - Using platform encoding (Cp1252 actually) to copy filtered resources, i.e. build is platform dependent!
2021-08-17 13:26:24,452 [Worker-16: Building] INFO  o.e.m.c.i.embedder.EclipseLogger - Copying 0 resource
2021-08-17 13:27:55,411 [Worker-16: Building] WARN  o.e.m.c.i.embedder.EclipseLogger - Using platform encoding (Cp1252 actually) to copy filtered resources, i.e. build is platform dependent!
2021-08-17 13:27:55,413 [Worker-16: Building] INFO  o.e.m.c.i.embedder.EclipseLogger - Copying 1 resource
2021-08-17 13:27:55,417 [Worker-16: Building] WARN  o.e.m.c.i.embedder.EclipseLogger - Using platform encoding (Cp1252 actually) to copy filtered resources, i.e. build is platform dependent!
2021-08-17 13:27:55,418 [Worker-16: Building] INFO  o.e.m.c.i.embedder.EclipseLogger - Copying 0 resource
2021-08-17 13:33:27,604 [Worker-17: Building] WARN  o.e.m.c.i.embedder.EclipseLogger - Using platform encoding (Cp1252 actually) to copy filtered resources, i.e. build is platform dependent!
2021-08-17 13:33:27,608 [Worker-17: Building] INFO  o.e.m.c.i.embedder.EclipseLogger - Copying 1 resource
2021-08-17 13:33:27,612 [Worker-17: Building] WARN  o.e.m.c.i.embedder.EclipseLogger - Using platform encoding (Cp1252 actually) to copy filtered resources, i.e. build is platform dependent!
2021-08-17 13:33:27,613 [Worker-17: Building] INFO  o.e.m.c.i.embedder.EclipseLogger - Copying 0 resource
2021-08-17 13:46:39,317 [Worker-17: Building] WARN  o.e.m.c.i.embedder.EclipseLogger - Using platform encoding (Cp1252 actually) to copy filtered resources, i.e. build is platform dependent!
2021-08-17 13:46:39,318 [Worker-17: Building] INFO  o.e.m.c.i.embedder.EclipseLogger - Copying 1 resource
2021-08-17 13:46:39,319 [Worker-17: Building] WARN  o.e.m.c.i.embedder.EclipseLogger - Using platform encoding (Cp1252 actually) to copy filtered resources, i.e. build is platform dependent!
2021-08-17 13:46:39,320 [Worker-17: Building] INFO  o.e.m.c.i.embedder.EclipseLogger - Copying 0 resource
2021-08-17 13:46:55,428 [Worker-24: Launching Main] WARN  o.e.m.c.i.embedder.EclipseLogger - Using platform encoding (Cp1252 actually) to copy filtered resources, i.e. build is platform dependent!
2021-08-17 13:46:55,430 [Worker-24: Launching Main] INFO  o.e.m.c.i.embedder.EclipseLogger - Copying 1 resource
2021-08-17 13:46:55,434 [Worker-24: Launching Main] WARN  o.e.m.c.i.embedder.EclipseLogger - Using platform encoding (Cp1252 actually) to copy filtered resources, i.e. build is platform dependent!
2021-08-17 13:46:55,436 [Worker-24: Launching Main] INFO  o.e.m.c.i.embedder.EclipseLogger - Copying 0 resource
2021-08-17 13:47:13,098 [Worker-21: Launching Main] WARN  o.e.m.c.i.embedder.EclipseLogger - Using platform encoding (Cp1252 actually) to copy filtered resources, i.e. build is platform dependent!
2021-08-17 13:47:13,099 [Worker-21: Launching Main] INFO  o.e.m.c.i.embedder.EclipseLogger - Copying 1 resource
2021-08-17 13:47:13,102 [Worker-21: Launching Main] WARN  o.e.m.c.i.embedder.EclipseLogger - Using platform encoding (Cp1252 actually) to copy filtered resources, i.e. build is platform dependent!
2021-08-17 13:47:13,103 [Worker-21: Launching Main] INFO  o.e.m.c.i.embedder.EclipseLogger - Copying 0 resource
2021-08-17 13:48:59,114 [Worker-21: Building] WARN  o.e.m.c.i.embedder.EclipseLogger - Using platform encoding (Cp1252 actually) to copy filtered resources, i.e. build is platform dependent!
2021-08-17 13:48:59,115 [Worker-21: Building] INFO  o.e.m.c.i.embedder.EclipseLogger - Copying 1 resource
2021-08-17 13:48:59,116 [Worker-21: Building] WARN  o.e.m.c.i.embedder.EclipseLogger - Using platform encoding (Cp1252 actually) to copy filtered resources, i.e. build is platform dependent!
2021-08-17 13:48:59,116 [Worker-21: Building] INFO  o.e.m.c.i.embedder.EclipseLogger - Copying 0 resource
2021-08-17 14:08:47,595 [Worker-28: Building] WARN  o.e.m.c.i.embedder.EclipseLogger - Using platform encoding (Cp1252 actually) to copy filtered resources, i.e. build is platform dependent!
2021-08-17 14:08:47,597 [Worker-28: Building] INFO  o.e.m.c.i.embedder.EclipseLogger - Copying 1 resource
2021-08-17 14:08:47,598 [Worker-28: Building] WARN  o.e.m.c.i.embedder.EclipseLogger - Using platform encoding (Cp1252 actually) to copy filtered resources, i.e. build is platform dependent!
2021-08-17 14:08:47,600 [Worker-28: Building] INFO  o.e.m.c.i.embedder.EclipseLogger - Copying 0 resource
2021-08-17 14:09:45,645 [Worker-29: Launching Main] WARN  o.e.m.c.i.embedder.EclipseLogger - Using platform encoding (Cp1252 actually) to copy filtered resources, i.e. build is platform dependent!
2021-08-17 14:09:45,646 [Worker-29: Launching Main] INFO  o.e.m.c.i.embedder.EclipseLogger - Copying 1 resource
2021-08-17 14:09:45,648 [Worker-29: Launching Main] WARN  o.e.m.c.i.embedder.EclipseLogger - Using platform encoding (Cp1252 actually) to copy filtered resources, i.e. build is platform dependent!
2021-08-17 14:09:45,650 [Worker-29: Launching Main] INFO  o.e.m.c.i.embedder.EclipseLogger - Copying 0 resource
2021-08-17 14:59:06,389 [Worker-33: Building] WARN  o.e.m.c.i.embedder.EclipseLogger - Using platform encoding (Cp1252 actually) to copy filtered resources, i.e. build is platform dependent!
2021-08-17 14:59:06,391 [Worker-33: Building] INFO  o.e.m.c.i.embedder.EclipseLogger - Copying 1 resource
2021-08-17 14:59:06,394 [Worker-33: Building] WARN  o.e.m.c.i.embedder.EclipseLogger - Using platform encoding (Cp1252 actually) to copy filtered resources, i.e. build is platform dependent!
2021-08-17 14:59:06,396 [Worker-33: Building] INFO  o.e.m.c.i.embedder.EclipseLogger - Copying 0 resource
2021-08-17 14:59:21,972 [Worker-34: Launching Main] WARN  o.e.m.c.i.embedder.EclipseLogger - Using platform encoding (Cp1252 actually) to copy filtered resources, i.e. build is platform dependent!
2021-08-17 14:59:21,974 [Worker-34: Launching Main] INFO  o.e.m.c.i.embedder.EclipseLogger - Copying 1 resource
2021-08-17 14:59:21,978 [Worker-34: Launching Main] WARN  o.e.m.c.i.embedder.EclipseLogger - Using platform encoding (Cp1252 actually) to copy filtered resources, i.e. build is platform dependent!
2021-08-17 14:59:21,980 [Worker-34: Launching Main] INFO  o.e.m.c.i.embedder.EclipseLogger - Copying 0 resource
2021-08-17 15:00:22,590 [Worker-35: Launching Main] WARN  o.e.m.c.i.embedder.EclipseLogger - Using platform encoding (Cp1252 actually) to copy filtered resources, i.e. build is platform dependent!
2021-08-17 15:00:22,591 [Worker-35: Launching Main] INFO  o.e.m.c.i.embedder.EclipseLogger - Copying 1 resource
2021-08-17 15:00:22,593 [Worker-35: Launching Main] WARN  o.e.m.c.i.embedder.EclipseLogger - Using platform encoding (Cp1252 actually) to copy filtered resources, i.e. build is platform dependent!
2021-08-17 15:00:22,594 [Worker-35: Launching Main] INFO  o.e.m.c.i.embedder.EclipseLogger - Copying 0 resource
2021-08-17 15:01:58,277 [Worker-37: Building] WARN  o.e.m.c.i.embedder.EclipseLogger - Using platform encoding (Cp1252 actually) to copy filtered resources, i.e. build is platform dependent!
2021-08-17 15:01:58,279 [Worker-37: Building] INFO  o.e.m.c.i.embedder.EclipseLogger - Copying 1 resource
2021-08-17 15:01:58,281 [Worker-37: Building] WARN  o.e.m.c.i.embedder.EclipseLogger - Using platform encoding (Cp1252 actually) to copy filtered resources, i.e. build is platform dependent!
2021-08-17 15:01:58,284 [Worker-37: Building] INFO  o.e.m.c.i.embedder.EclipseLogger - Copying 0 resource
2021-08-17 15:02:28,743 [Worker-37: Building] WARN  o.e.m.c.i.embedder.EclipseLogger - Using platform encoding (Cp1252 actually) to copy filtered resources, i.e. build is platform dependent!
2021-08-17 15:02:28,746 [Worker-37: Building] INFO  o.e.m.c.i.embedder.EclipseLogger - Copying 1 resource
2021-08-17 15:02:28,748 [Worker-37: Building] WARN  o.e.m.c.i.embedder.EclipseLogger - Using platform encoding (Cp1252 actually) to copy filtered resources, i.e. build is platform dependent!
2021-08-17 15:02:28,749 [Worker-37: Building] INFO  o.e.m.c.i.embedder.EclipseLogger - Copying 0 resource
2021-08-17 15:02:53,951 [Worker-37: Launching Main] WARN  o.e.m.c.i.embedder.EclipseLogger - Using platform encoding (Cp1252 actually) to copy filtered resources, i.e. build is platform dependent!
2021-08-17 15:02:53,954 [Worker-37: Launching Main] INFO  o.e.m.c.i.embedder.EclipseLogger - Copying 1 resource
2021-08-17 15:02:53,956 [Worker-37: Launching Main] WARN  o.e.m.c.i.embedder.EclipseLogger - Using platform encoding (Cp1252 actually) to copy filtered resources, i.e. build is platform dependent!
2021-08-17 15:02:53,959 [Worker-37: Launching Main] INFO  o.e.m.c.i.embedder.EclipseLogger - Copying 0 resource
2021-08-17 15:03:02,934 [Worker-33: Launching Main] WARN  o.e.m.c.i.embedder.EclipseLogger - Using platform encoding (Cp1252 actually) to copy filtered resources, i.e. build is platform dependent!
2021-08-17 15:03:02,935 [Worker-33: Launching Main] INFO  o.e.m.c.i.embedder.EclipseLogger - Copying 1 resource
2021-08-17 15:03:02,938 [Worker-33: Launching Main] WARN  o.e.m.c.i.embedder.EclipseLogger - Using platform encoding (Cp1252 actually) to copy filtered resources, i.e. build is platform dependent!
2021-08-17 15:03:02,939 [Worker-33: Launching Main] INFO  o.e.m.c.i.embedder.EclipseLogger - Copying 0 resource
2021-08-17 15:03:17,344 [Worker-39: Launching Main] WARN  o.e.m.c.i.embedder.EclipseLogger - Using platform encoding (Cp1252 actually) to copy filtered resources, i.e. build is platform dependent!
2021-08-17 15:03:17,346 [Worker-39: Launching Main] INFO  o.e.m.c.i.embedder.EclipseLogger - Copying 1 resource
2021-08-17 15:03:17,348 [Worker-39: Launching Main] WARN  o.e.m.c.i.embedder.EclipseLogger - Using platform encoding (Cp1252 actually) to copy filtered resources, i.e. build is platform dependent!
2021-08-17 15:03:17,350 [Worker-39: Launching Main] INFO  o.e.m.c.i.embedder.EclipseLogger - Copying 0 resource
2021-08-17 15:04:01,053 [Worker-41: Launching Main] WARN  o.e.m.c.i.embedder.EclipseLogger - Using platform encoding (Cp1252 actually) to copy filtered resources, i.e. build is platform dependent!
2021-08-17 15:04:01,056 [Worker-41: Launching Main] INFO  o.e.m.c.i.embedder.EclipseLogger - Copying 1 resource
2021-08-17 15:04:01,058 [Worker-41: Launching Main] WARN  o.e.m.c.i.embedder.EclipseLogger - Using platform encoding (Cp1252 actually) to copy filtered resources, i.e. build is platform dependent!
2021-08-17 15:04:01,059 [Worker-41: Launching Main] INFO  o.e.m.c.i.embedder.EclipseLogger - Copying 0 resource
2021-08-17 15:05:08,883 [Worker-38: Launching Main] WARN  o.e.m.c.i.embedder.EclipseLogger - Using platform encoding (Cp1252 actually) to copy filtered resources, i.e. build is platform dependent!
2021-08-17 15:05:08,886 [Worker-38: Launching Main] INFO  o.e.m.c.i.embedder.EclipseLogger - Copying 1 resource
2021-08-17 15:05:08,888 [Worker-38: Launching Main] WARN  o.e.m.c.i.embedder.EclipseLogger - Using platform encoding (Cp1252 actually) to copy filtered resources, i.e. build is platform dependent!
2021-08-17 15:05:08,891 [Worker-38: Launching Main] INFO  o.e.m.c.i.embedder.EclipseLogger - Copying 0 resource
2021-08-17 15:07:42,617 [Worker-33: Building] WARN  o.e.m.c.i.embedder.EclipseLogger - Using platform encoding (Cp1252 actually) to copy filtered resources, i.e. build is platform dependent!
2021-08-17 15:07:42,617 [Worker-33: Building] INFO  o.e.m.c.i.embedder.EclipseLogger - Copying 1 resource
2021-08-17 15:07:42,640 [Worker-33: Building] WARN  o.e.m.c.i.embedder.EclipseLogger - Using platform encoding (Cp1252 actually) to copy filtered resources, i.e. build is platform dependent!
2021-08-17 15:07:42,640 [Worker-33: Building] INFO  o.e.m.c.i.embedder.EclipseLogger - Copying 0 resource
2021-08-17 15:09:09,641 [Worker-45: Launching Main] WARN  o.e.m.c.i.embedder.EclipseLogger - Using platform encoding (Cp1252 actually) to copy filtered resources, i.e. build is platform dependent!
2021-08-17 15:09:09,643 [Worker-45: Launching Main] INFO  o.e.m.c.i.embedder.EclipseLogger - Copying 1 resource
2021-08-17 15:09:09,646 [Worker-45: Launching Main] WARN  o.e.m.c.i.embedder.EclipseLogger - Using platform encoding (Cp1252 actually) to copy filtered resources, i.e. build is platform dependent!
2021-08-17 15:09:09,648 [Worker-45: Launching Main] INFO  o.e.m.c.i.embedder.EclipseLogger - Copying 0 resource
2021-08-17 15:10:05,377 [Worker-41: Building] WARN  o.e.m.c.i.embedder.EclipseLogger - Using platform encoding (Cp1252 actually) to copy filtered resources, i.e. build is platform dependent!
2021-08-17 15:10:05,379 [Worker-41: Building] INFO  o.e.m.c.i.embedder.EclipseLogger - Copying 1 resource
2021-08-17 15:10:05,380 [Worker-41: Building] WARN  o.e.m.c.i.embedder.EclipseLogger - Using platform encoding (Cp1252 actually) to copy filtered resources, i.e. build is platform dependent!
2021-08-17 15:10:05,381 [Worker-41: Building] INFO  o.e.m.c.i.embedder.EclipseLogger - Copying 0 resource
2021-08-17 15:14:28,309 [Worker-46: Launching Main] WARN  o.e.m.c.i.embedder.EclipseLogger - Using platform encoding (Cp1252 actually) to copy filtered resources, i.e. build is platform dependent!
2021-08-17 15:14:28,311 [Worker-46: Launching Main] INFO  o.e.m.c.i.embedder.EclipseLogger - Copying 1 resource
2021-08-17 15:14:28,313 [Worker-46: Launching Main] WARN  o.e.m.c.i.embedder.EclipseLogger - Using platform encoding (Cp1252 actually) to copy filtered resources, i.e. build is platform dependent!
2021-08-17 15:14:28,314 [Worker-46: Launching Main] INFO  o.e.m.c.i.embedder.EclipseLogger - Copying 0 resource
2021-08-17 15:14:40,156 [Worker-41: Launching Main] WARN  o.e.m.c.i.embedder.EclipseLogger - Using platform encoding (Cp1252 actually) to copy filtered resources, i.e. build is platform dependent!
2021-08-17 15:14:40,158 [Worker-41: Launching Main] INFO  o.e.m.c.i.embedder.EclipseLogger - Copying 1 resource
2021-08-17 15:14:40,160 [Worker-41: Launching Main] WARN  o.e.m.c.i.embedder.EclipseLogger - Using platform encoding (Cp1252 actually) to copy filtered resources, i.e. build is platform dependent!
2021-08-17 15:14:40,162 [Worker-41: Launching Main] INFO  o.e.m.c.i.embedder.EclipseLogger - Copying 0 resource
2021-08-17 15:14:46,344 [Worker-46: Launching Main] WARN  o.e.m.c.i.embedder.EclipseLogger - Using platform encoding (Cp1252 actually) to copy filtered resources, i.e. build is platform dependent!
2021-08-17 15:14:46,345 [Worker-46: Launching Main] INFO  o.e.m.c.i.embedder.EclipseLogger - Copying 1 resource
2021-08-17 15:14:46,346 [Worker-46: Launching Main] WARN  o.e.m.c.i.embedder.EclipseLogger - Using platform encoding (Cp1252 actually) to copy filtered resources, i.e. build is platform dependent!
2021-08-17 15:14:46,347 [Worker-46: Launching Main] INFO  o.e.m.c.i.embedder.EclipseLogger - Copying 0 resource
2021-08-17 15:14:54,454 [Worker-33: Launching Main] WARN  o.e.m.c.i.embedder.EclipseLogger - Using platform encoding (Cp1252 actually) to copy filtered resources, i.e. build is platform dependent!
2021-08-17 15:14:54,455 [Worker-33: Launching Main] INFO  o.e.m.c.i.embedder.EclipseLogger - Copying 1 resource
2021-08-17 15:14:54,457 [Worker-33: Launching Main] WARN  o.e.m.c.i.embedder.EclipseLogger - Using platform encoding (Cp1252 actually) to copy filtered resources, i.e. build is platform dependent!
2021-08-17 15:14:54,459 [Worker-33: Launching Main] INFO  o.e.m.c.i.embedder.EclipseLogger - Copying 0 resource
2021-08-17 15:15:01,164 [Worker-49: Launching Main] WARN  o.e.m.c.i.embedder.EclipseLogger - Using platform encoding (Cp1252 actually) to copy filtered resources, i.e. build is platform dependent!
2021-08-17 15:15:01,165 [Worker-49: Launching Main] INFO  o.e.m.c.i.embedder.EclipseLogger - Copying 1 resource
2021-08-17 15:15:01,167 [Worker-49: Launching Main] WARN  o.e.m.c.i.embedder.EclipseLogger - Using platform encoding (Cp1252 actually) to copy filtered resources, i.e. build is platform dependent!
2021-08-17 15:15:01,168 [Worker-49: Launching Main] INFO  o.e.m.c.i.embedder.EclipseLogger - Copying 0 resource
2021-08-17 15:15:09,229 [Worker-33: Launching Main] WARN  o.e.m.c.i.embedder.EclipseLogger - Using platform encoding (Cp1252 actually) to copy filtered resources, i.e. build is platform dependent!
2021-08-17 15:15:09,230 [Worker-33: Launching Main] INFO  o.e.m.c.i.embedder.EclipseLogger - Copying 1 resource
2021-08-17 15:15:09,232 [Worker-33: Launching Main] WARN  o.e.m.c.i.embedder.EclipseLogger - Using platform encoding (Cp1252 actually) to copy filtered resources, i.e. build is platform dependent!
2021-08-17 15:15:09,232 [Worker-33: Launching Main] INFO  o.e.m.c.i.embedder.EclipseLogger - Copying 0 resource
2021-08-17 15:15:56,506 [Worker-48: Launching Main] WARN  o.e.m.c.i.embedder.EclipseLogger - Using platform encoding (Cp1252 actually) to copy filtered resources, i.e. build is platform dependent!
2021-08-17 15:15:56,507 [Worker-48: Launching Main] INFO  o.e.m.c.i.embedder.EclipseLogger - Copying 1 resource
2021-08-17 15:15:56,509 [Worker-48: Launching Main] WARN  o.e.m.c.i.embedder.EclipseLogger - Using platform encoding (Cp1252 actually) to copy filtered resources, i.e. build is platform dependent!
2021-08-17 15:15:56,510 [Worker-48: Launching Main] INFO  o.e.m.c.i.embedder.EclipseLogger - Copying 0 resource
2021-08-17 15:17:19,826 [Worker-48: Launching Main] WARN  o.e.m.c.i.embedder.EclipseLogger - Using platform encoding (Cp1252 actually) to copy filtered resources, i.e. build is platform dependent!
2021-08-17 15:17:19,828 [Worker-48: Launching Main] INFO  o.e.m.c.i.embedder.EclipseLogger - Copying 1 resource
2021-08-17 15:17:19,829 [Worker-48: Launching Main] WARN  o.e.m.c.i.embedder.EclipseLogger - Using platform encoding (Cp1252 actually) to copy filtered resources, i.e. build is platform dependent!
2021-08-17 15:17:19,830 [Worker-48: Launching Main] INFO  o.e.m.c.i.embedder.EclipseLogger - Copying 0 resource
2021-08-17 15:55:43,238 [Worker-55: Launching Main] WARN  o.e.m.c.i.embedder.EclipseLogger - Using platform encoding (Cp1252 actually) to copy filtered resources, i.e. build is platform dependent!
2021-08-17 15:55:43,241 [Worker-55: Launching Main] INFO  o.e.m.c.i.embedder.EclipseLogger - Copying 1 resource
2021-08-17 15:55:43,244 [Worker-55: Launching Main] WARN  o.e.m.c.i.embedder.EclipseLogger - Using platform encoding (Cp1252 actually) to copy filtered resources, i.e. build is platform dependent!
2021-08-17 15:55:43,246 [Worker-55: Launching Main] INFO  o.e.m.c.i.embedder.EclipseLogger - Copying 0 resource
2021-08-17 15:57:13,410 [Worker-33: Launching Main] WARN  o.e.m.c.i.embedder.EclipseLogger - Using platform encoding (Cp1252 actually) to copy filtered resources, i.e. build is platform dependent!
2021-08-17 15:57:13,410 [Worker-33: Launching Main] INFO  o.e.m.c.i.embedder.EclipseLogger - Copying 1 resource
2021-08-17 15:57:13,412 [Worker-33: Launching Main] WARN  o.e.m.c.i.embedder.EclipseLogger - Using platform encoding (Cp1252 actually) to copy filtered resources, i.e. build is platform dependent!
2021-08-17 15:57:13,413 [Worker-33: Launching Main] INFO  o.e.m.c.i.embedder.EclipseLogger - Copying 0 resource
2021-08-17 15:57:21,949 [Worker-53: Launching Main] WARN  o.e.m.c.i.embedder.EclipseLogger - Using platform encoding (Cp1252 actually) to copy filtered resources, i.e. build is platform dependent!
2021-08-17 15:57:21,951 [Worker-53: Launching Main] INFO  o.e.m.c.i.embedder.EclipseLogger - Copying 1 resource
2021-08-17 15:57:21,952 [Worker-53: Launching Main] WARN  o.e.m.c.i.embedder.EclipseLogger - Using platform encoding (Cp1252 actually) to copy filtered resources, i.e. build is platform dependent!
2021-08-17 15:57:21,955 [Worker-53: Launching Main] INFO  o.e.m.c.i.embedder.EclipseLogger - Copying 0 resource
2021-08-17 15:57:39,077 [Worker-54: Launching Main] WARN  o.e.m.c.i.embedder.EclipseLogger - Using platform encoding (Cp1252 actually) to copy filtered resources, i.e. build is platform dependent!
2021-08-17 15:57:39,078 [Worker-54: Launching Main] INFO  o.e.m.c.i.embedder.EclipseLogger - Copying 1 resource
2021-08-17 15:57:39,080 [Worker-54: Launching Main] WARN  o.e.m.c.i.embedder.EclipseLogger - Using platform encoding (Cp1252 actually) to copy filtered resources, i.e. build is platform dependent!
2021-08-17 15:57:39,081 [Worker-54: Launching Main] INFO  o.e.m.c.i.embedder.EclipseLogger - Copying 0 resource
2021-08-17 15:57:59,379 [Worker-55: Launching Main] WARN  o.e.m.c.i.embedder.EclipseLogger - Using platform encoding (Cp1252 actually) to copy filtered resources, i.e. build is platform dependent!
2021-08-17 15:57:59,381 [Worker-55: Launching Main] INFO  o.e.m.c.i.embedder.EclipseLogger - Copying 1 resource
2021-08-17 15:57:59,382 [Worker-55: Launching Main] WARN  o.e.m.c.i.embedder.EclipseLogger - Using platform encoding (Cp1252 actually) to copy filtered resources, i.e. build is platform dependent!
2021-08-17 15:57:59,384 [Worker-55: Launching Main] INFO  o.e.m.c.i.embedder.EclipseLogger - Copying 0 resource
2021-08-17 15:58:35,315 [Worker-58: Launching Main] WARN  o.e.m.c.i.embedder.EclipseLogger - Using platform encoding (Cp1252 actually) to copy filtered resources, i.e. build is platform dependent!
2021-08-17 15:58:35,317 [Worker-58: Launching Main] INFO  o.e.m.c.i.embedder.EclipseLogger - Copying 1 resource
2021-08-17 15:58:35,319 [Worker-58: Launching Main] WARN  o.e.m.c.i.embedder.EclipseLogger - Using platform encoding (Cp1252 actually) to copy filtered resources, i.e. build is platform dependent!
2021-08-17 15:58:35,320 [Worker-58: Launching Main] INFO  o.e.m.c.i.embedder.EclipseLogger - Copying 0 resource
2021-08-17 15:58:46,180 [Worker-56: Launching Main] WARN  o.e.m.c.i.embedder.EclipseLogger - Using platform encoding (Cp1252 actually) to copy filtered resources, i.e. build is platform dependent!
2021-08-17 15:58:46,182 [Worker-56: Launching Main] INFO  o.e.m.c.i.embedder.EclipseLogger - Copying 1 resource
2021-08-17 15:58:46,185 [Worker-56: Launching Main] WARN  o.e.m.c.i.embedder.EclipseLogger - Using platform encoding (Cp1252 actually) to copy filtered resources, i.e. build is platform dependent!
2021-08-17 15:58:46,187 [Worker-56: Launching Main] INFO  o.e.m.c.i.embedder.EclipseLogger - Copying 0 resource
2021-08-17 15:58:55,751 [Worker-60: Launching Main] WARN  o.e.m.c.i.embedder.EclipseLogger - Using platform encoding (Cp1252 actually) to copy filtered resources, i.e. build is platform dependent!
2021-08-17 15:58:55,752 [Worker-60: Launching Main] INFO  o.e.m.c.i.embedder.EclipseLogger - Copying 1 resource
2021-08-17 15:58:55,754 [Worker-60: Launching Main] WARN  o.e.m.c.i.embedder.EclipseLogger - Using platform encoding (Cp1252 actually) to copy filtered resources, i.e. build is platform dependent!
2021-08-17 15:58:55,757 [Worker-60: Launching Main] INFO  o.e.m.c.i.embedder.EclipseLogger - Copying 0 resource
2021-08-17 15:59:09,081 [Worker-61: Launching Main] WARN  o.e.m.c.i.embedder.EclipseLogger - Using platform encoding (Cp1252 actually) to copy filtered resources, i.e. build is platform dependent!
2021-08-17 15:59:09,082 [Worker-61: Launching Main] INFO  o.e.m.c.i.embedder.EclipseLogger - Copying 1 resource
2021-08-17 15:59:09,084 [Worker-61: Launching Main] WARN  o.e.m.c.i.embedder.EclipseLogger - Using platform encoding (Cp1252 actually) to copy filtered resources, i.e. build is platform dependent!
2021-08-17 15:59:09,085 [Worker-61: Launching Main] INFO  o.e.m.c.i.embedder.EclipseLogger - Copying 0 resource
2021-08-17 16:02:00,174 [Worker-61: Building] WARN  o.e.m.c.i.embedder.EclipseLogger - Using platform encoding (Cp1252 actually) to copy filtered resources, i.e. build is platform dependent!
2021-08-17 16:02:00,176 [Worker-61: Building] INFO  o.e.m.c.i.embedder.EclipseLogger - Copying 1 resource
2021-08-17 16:02:00,178 [Worker-61: Building] WARN  o.e.m.c.i.embedder.EclipseLogger - Using platform encoding (Cp1252 actually) to copy filtered resources, i.e. build is platform dependent!
2021-08-17 16:02:00,180 [Worker-61: Building] INFO  o.e.m.c.i.embedder.EclipseLogger - Copying 0 resource
2021-08-17 23:34:45,679 [Worker-69: Building] WARN  o.e.m.c.i.embedder.EclipseLogger - Using platform encoding (Cp1252 actually) to copy filtered resources, i.e. build is platform dependent!
2021-08-17 23:34:45,703 [Worker-69: Building] INFO  o.e.m.c.i.embedder.EclipseLogger - Copying 1 resource
2021-08-17 23:34:45,708 [Worker-69: Building] WARN  o.e.m.c.i.embedder.EclipseLogger - Using platform encoding (Cp1252 actually) to copy filtered resources, i.e. build is platform dependent!
2021-08-17 23:34:45,710 [Worker-69: Building] INFO  o.e.m.c.i.embedder.EclipseLogger - Copying 0 resource
2021-08-17 23:37:49,508 [Worker-66: Building] WARN  o.e.m.c.i.embedder.EclipseLogger - Using platform encoding (Cp1252 actually) to copy filtered resources, i.e. build is platform dependent!
2021-08-17 23:37:49,510 [Worker-66: Building] INFO  o.e.m.c.i.embedder.EclipseLogger - Copying 1 resource
2021-08-17 23:37:49,513 [Worker-66: Building] WARN  o.e.m.c.i.embedder.EclipseLogger - Using platform encoding (Cp1252 actually) to copy filtered resources, i.e. build is platform dependent!
2021-08-17 23:37:49,515 [Worker-66: Building] INFO  o.e.m.c.i.embedder.EclipseLogger - Copying 0 resource
2021-08-17 23:46:43,494 [Worker-74: Building] WARN  o.e.m.c.i.embedder.EclipseLogger - Using platform encoding (Cp1252 actually) to copy filtered resources, i.e. build is platform dependent!
2021-08-17 23:46:43,494 [Worker-74: Building] INFO  o.e.m.c.i.embedder.EclipseLogger - Copying 1 resource
2021-08-17 23:46:43,496 [Worker-74: Building] WARN  o.e.m.c.i.embedder.EclipseLogger - Using platform encoding (Cp1252 actually) to copy filtered resources, i.e. build is platform dependent!
2021-08-17 23:46:43,497 [Worker-74: Building] INFO  o.e.m.c.i.embedder.EclipseLogger - Copying 0 resource
